<?xml version="1.0" encoding="UTF-8"?>
<testsuites name="Dynamic Test Suite_1" time="0.515" tests="3" failures="0" errors="0">
   <testsuite name="Dynamic Test Suite_1" tests="3" failures="0" errors="0" time="0.515" skipped="0" timestamp="02-07-2024T23:32:14" hostname="qHien - DESKTOP-U2IHECD" id="Test Suites/Dynamic Test Suite_1">
      <properties>
         <property name="deviceName" value=""/>
         <property name="devicePlatform"/>
         <property name="logFolder" value="C:\\Users\\qHien\\git\\katalon-poc\\Reports\\20240702_233207\\Dynamic Test Suite_1\\20240702_233208"/>
         <property name="logFiles" value="C:\\Users\\qHien\\git\\katalon-poc\\Reports\\20240702_233207\\Dynamic Test Suite_1\\20240702_233208\\execution0.log"/>
         <property name="attachments" value=""/>
         <property name="hostName" value="qHien - DESKTOP-U2IHECD"/>
         <property name="hostAddress" value="192.168.0.172"/>
         <property name="os" value="Windows 10 64bit"/>
         <property name="katalonVersion" value="9.6.0.217"/>
      </properties>
      <testcase name="Test Cases/DDT_1" time="0.253" classname="Test Cases/DDT_1" status="PASSED">
         <system-out><![CDATA[02-07-2024T23:32:14 - [TEST_CASE][PASSED] - Test Cases/DDT_1: Test Cases/DDT_1

02-07-2024T23:32:15 - [TEST_STEP][PASSED] - println($employee - $department - $position): null]]></system-out>
         <system-err><![CDATA[]]></system-err>
      </testcase>
      <testcase name="Test Cases/DDT_1" time="0.015" classname="Test Cases/DDT_1" status="PASSED">
         <system-out><![CDATA[02-07-2024T23:32:15 - [TEST_CASE][PASSED] - Test Cases/DDT_1: Test Cases/DDT_1

02-07-2024T23:32:15 - [TEST_STEP][PASSED] - println($employee - $department - $position): null]]></system-out>
         <system-err><![CDATA[]]></system-err>
      </testcase>
      <testcase name="Test Cases/DDT_1" time="0.016" classname="Test Cases/DDT_1" status="PASSED">
         <system-out><![CDATA[02-07-2024T23:32:15 - [TEST_CASE][PASSED] - Test Cases/DDT_1: Test Cases/DDT_1

02-07-2024T23:32:15 - [TEST_STEP][PASSED] - println($employee - $department - $position): null]]></system-out>
         <system-err><![CDATA[]]></system-err>
      </testcase>
      <system-out><![CDATA[02-07-2024T23:32:14 - [TEST_SUITE][PASSED] - Dynamic Test Suite_1: Test Cases/DDT_1]]></system-out>
      <system-err><![CDATA[]]></system-err>
   </testsuite>
</testsuites>
