<?xml version="1.0" encoding="UTF-8"?>
<testsuites name="TS1" time="27.532" tests="4" failures="0" errors="0">
   <testsuite name="TS1" tests="4" failures="0" errors="0" time="27.532" skipped="0" timestamp="02-07-2024T22:19:51" hostname="qHien - DESKTOP-U2IHECD" id="Test Suites/TS1">
      <properties>
         <property name="deviceName" value=""/>
         <property name="devicePlatform"/>
         <property name="logFolder" value="C:\\Users\\qHien\\git\\katalon-poc\\Reports\\20240702_221940\\TS1\\20240702_221941"/>
         <property name="logFiles" value="C:\\Users\\qHien\\git\\katalon-poc\\Reports\\20240702_221940\\TS1\\20240702_221941\\execution0.log"/>
         <property name="attachments" value=""/>
         <property name="hostName" value="qHien - DESKTOP-U2IHECD"/>
         <property name="os" value="Windows 10 64bit"/>
         <property name="katalonVersion" value="9.6.0.217"/>
         <property name="browser" value="Chrome 126.0.0.0"/>
         <property name="hostAddress" value="192.168.0.172"/>
         <property name="sessionId" value="5c66d1d853a05993f9e4380b8e42c706"/>
         <property name="seleniumVersion" value="3.141.59"/>
         <property name="proxyInformation" value="ProxyInformation { proxyOption=NO_PROXY, proxyServerType=HTTP, username=, password=********, proxyServerAddress=, proxyServerPort=0, executionList=&quot;&quot;, isApplyToDesiredCapabilities=true }"/>
         <property name="platform" value="Windows 10"/>
      </properties>
      <testcase name="Test Cases/TC01" time="6.849" classname="Test Cases/TC01" status="PASSED">
         <system-out><![CDATA[02-07-2024T22:19:51 - [TEST_CASE][PASSED] - Test Cases/TC01: Test Cases/TC01

02-07-2024T22:19:52 - [TEST_STEP][PASSED] - openBrowser(""): Browser is opened with url: ''

02-07-2024T22:19:52 - [MESSAGE][INFO] - Starting 'Chrome' driver

02-07-2024T22:19:52 - [MESSAGE][INFO] - Action delay is set to 0 milliseconds

02-07-2024T22:19:53 - [MESSAGE][PASSED] - Browser is opened with url: ''

02-07-2024T22:19:53 - [TEST_STEP][PASSED] - navigateToUrl("https://katalon-demo-cura.herokuapp.com/"): Navigate to 'https://katalon-demo-cura.herokuapp.com/' successfully

02-07-2024T22:19:58 - [MESSAGE][PASSED] - Navigate to 'https://katalon-demo-cura.herokuapp.com/' successfully

02-07-2024T22:19:58 - [TEST_STEP][PASSED] - click(findTestObject("Object Repository/Page_CURA Healthcare Service/h1_CURA Healthcare Service")): Object: 'Object Repository/Page_CURA Healthcare Service/h1_CURA Healthcare Service' is clicked on

02-07-2024T22:19:58 - [MESSAGE][PASSED] - Object: 'Object Repository/Page_CURA Healthcare Service/h1_CURA Healthcare Service' is clicked on

02-07-2024T22:19:58 - [TEST_STEP][PASSED] - verifyElementVisible(findTestObject("Object Repository/Page_CURA Healthcare Service/h1_CURA Healthcare Service")): Object 'Object Repository/Page_CURA Healthcare Service/h1_CURA Healthcare Service' is visible

02-07-2024T22:19:58 - [MESSAGE][PASSED] - Object 'Object Repository/Page_CURA Healthcare Service/h1_CURA Healthcare Service' is visible

02-07-2024T22:19:58 - [TEST_STEP][PASSED] - closeBrowser(): Browser is closed

02-07-2024T22:19:58 - [MESSAGE][PASSED] - Browser is closed]]></system-out>
         <system-err><![CDATA[]]></system-err>
      </testcase>
      <testcase name="Test Cases/TC02" time="8.952" classname="Test Cases/TC02" status="PASSED">
         <system-out><![CDATA[02-07-2024T22:19:58 - [TEST_CASE][PASSED] - Test Cases/TC02: Test Cases/TC02

02-07-2024T22:19:58 - [TEST_STEP][PASSED] - openBrowser(""): Browser is opened with url: ''

02-07-2024T22:19:58 - [MESSAGE][INFO] - Starting 'Chrome' driver

02-07-2024T22:19:58 - [MESSAGE][INFO] - Action delay is set to 0 milliseconds

02-07-2024T22:19:59 - [MESSAGE][PASSED] - Browser is opened with url: ''

02-07-2024T22:19:59 - [TEST_STEP][PASSED] - navigateToUrl("https://katalon-demo-cura.herokuapp.com/"): Navigate to 'https://katalon-demo-cura.herokuapp.com/' successfully

02-07-2024T22:20:04 - [MESSAGE][PASSED] - Navigate to 'https://katalon-demo-cura.herokuapp.com/' successfully

02-07-2024T22:20:04 - [TEST_STEP][PASSED] - click(findTestObject("Object Repository/Page_CURA Healthcare Service/a_Make Appointment")): Object: 'Object Repository/Page_CURA Healthcare Service/a_Make Appointment' is clicked on

02-07-2024T22:20:05 - [MESSAGE][PASSED] - Object: 'Object Repository/Page_CURA Healthcare Service/a_Make Appointment' is clicked on

02-07-2024T22:20:05 - [TEST_STEP][PASSED] - click(findTestObject("Object Repository/Page_CURA Healthcare Service/p_Please login to make appointment")): Object: 'Object Repository/Page_CURA Healthcare Service/p_Please login to make appointment' is clicked on

02-07-2024T22:20:05 - [MESSAGE][PASSED] - Object: 'Object Repository/Page_CURA Healthcare Service/p_Please login to make appointment' is clicked on

02-07-2024T22:20:05 - [TEST_STEP][PASSED] - rightClick(findTestObject("Object Repository/Page_CURA Healthcare Service/p_Please login to make appointment")): Object: 'Object Repository/Page_CURA Healthcare Service/p_Please login to make appointment' is right clicked on

02-07-2024T22:20:05 - [MESSAGE][PASSED] - Object: 'Object Repository/Page_CURA Healthcare Service/p_Please login to make appointment' is right clicked on

02-07-2024T22:20:05 - [TEST_STEP][PASSED] - click(findTestObject("Object Repository/Page_CURA Healthcare Service/div_Login                Please login to ma_5151a8")): Object: 'Object Repository/Page_CURA Healthcare Service/div_Login                Please login to ma_5151a8' is clicked on

02-07-2024T22:20:06 - [MESSAGE][PASSED] - Object: 'Object Repository/Page_CURA Healthcare Service/div_Login                Please login to ma_5151a8' is clicked on

02-07-2024T22:20:06 - [TEST_STEP][PASSED] - verifyElementClickable(findTestObject("Object Repository/Page_CURA Healthcare Service/button_Login")): Object 'Object Repository/Page_CURA Healthcare Service/button_Login' is clickable

02-07-2024T22:20:06 - [MESSAGE][PASSED] - Object 'Object Repository/Page_CURA Healthcare Service/button_Login' is clickable

02-07-2024T22:20:06 - [TEST_STEP][PASSED] - click(findTestObject("Object Repository/Page_CURA Healthcare Service/button_Login")): Object: 'Object Repository/Page_CURA Healthcare Service/button_Login' is clicked on

02-07-2024T22:20:07 - [MESSAGE][PASSED] - Object: 'Object Repository/Page_CURA Healthcare Service/button_Login' is clicked on

02-07-2024T22:20:07 - [TEST_STEP][PASSED] - click(findTestObject("Object Repository/Page_CURA Healthcare Service/p_Login failed Please ensure the username a_eb55b5")): Object: 'Object Repository/Page_CURA Healthcare Service/p_Login failed Please ensure the username a_eb55b5' is clicked on

02-07-2024T22:20:07 - [MESSAGE][PASSED] - Object: 'Object Repository/Page_CURA Healthcare Service/p_Login failed Please ensure the username a_eb55b5' is clicked on

02-07-2024T22:20:07 - [TEST_STEP][PASSED] - verifyElementText(findTestObject("Object Repository/Page_CURA Healthcare Service/p_Login failed Please ensure the username a_eb55b5"), "Login failed! Please ensure the username and password are valid."): Actual text and expected text of test object 'Object Repository/Page_CURA Healthcare Service/p_Login failed Please ensure the username a_eb55b5' are matched.

02-07-2024T22:20:07 - [MESSAGE][PASSED] - Actual text and expected text of test object 'Object Repository/Page_CURA Healthcare Service/p_Login failed Please ensure the username a_eb55b5' are matched.

02-07-2024T22:20:07 - [TEST_STEP][PASSED] - closeBrowser(): Browser is closed

02-07-2024T22:20:07 - [MESSAGE][PASSED] - Browser is closed]]></system-out>
         <system-err><![CDATA[]]></system-err>
      </testcase>
      <testcase name="Test Cases/TC03" time="6.039" classname="Test Cases/TC03" status="PASSED">
         <system-out><![CDATA[02-07-2024T22:20:07 - [TEST_CASE][PASSED] - Test Cases/TC03: Test Cases/TC03

02-07-2024T22:20:07 - [TEST_STEP][PASSED] - openBrowser(""): Browser is opened with url: ''

02-07-2024T22:20:07 - [MESSAGE][INFO] - Starting 'Chrome' driver

02-07-2024T22:20:07 - [MESSAGE][INFO] - Action delay is set to 0 milliseconds

02-07-2024T22:20:08 - [MESSAGE][PASSED] - Browser is opened with url: ''

02-07-2024T22:20:08 - [TEST_STEP][PASSED] - navigateToUrl("https://katalon-demo-cura.herokuapp.com/"): Navigate to 'https://katalon-demo-cura.herokuapp.com/' successfully

02-07-2024T22:20:13 - [MESSAGE][PASSED] - Navigate to 'https://katalon-demo-cura.herokuapp.com/' successfully

02-07-2024T22:20:13 - [TEST_STEP][PASSED] - click(findTestObject("Object Repository/Page_CURA Healthcare Service/h3_We Care About Your Health")): Object: 'Object Repository/Page_CURA Healthcare Service/h3_We Care About Your Health' is clicked on

02-07-2024T22:20:13 - [MESSAGE][PASSED] - Object: 'Object Repository/Page_CURA Healthcare Service/h3_We Care About Your Health' is clicked on

02-07-2024T22:20:13 - [TEST_STEP][PASSED] - verifyElementText(findTestObject("Object Repository/Page_CURA Healthcare Service/h3_We Care About Your Health"), "We Care About Your Health"): Actual text and expected text of test object 'Object Repository/Page_CURA Healthcare Service/h3_We Care About Your Health' are matched.

02-07-2024T22:20:13 - [MESSAGE][PASSED] - Actual text and expected text of test object 'Object Repository/Page_CURA Healthcare Service/h3_We Care About Your Health' are matched.

02-07-2024T22:20:13 - [TEST_STEP][PASSED] - closeBrowser(): Browser is closed

02-07-2024T22:20:13 - [MESSAGE][PASSED] - Browser is closed]]></system-out>
         <system-err><![CDATA[]]></system-err>
      </testcase>
      <testcase name="Test Cases/TC04" time="5.552" classname="Test Cases/TC04" status="PASSED">
         <system-out><![CDATA[02-07-2024T22:20:13 - [TEST_CASE][PASSED] - Test Cases/TC04: Test Cases/TC04

02-07-2024T22:20:13 - [TEST_STEP][PASSED] - openBrowser(""): Browser is opened with url: ''

02-07-2024T22:20:13 - [MESSAGE][INFO] - Starting 'Chrome' driver

02-07-2024T22:20:13 - [MESSAGE][INFO] - Action delay is set to 0 milliseconds

02-07-2024T22:20:14 - [MESSAGE][PASSED] - Browser is opened with url: ''

02-07-2024T22:20:14 - [TEST_STEP][PASSED] - navigateToUrl("https://katalon-demo-cura.herokuapp.com/"): Navigate to 'https://katalon-demo-cura.herokuapp.com/' successfully

02-07-2024T22:20:18 - [MESSAGE][PASSED] - Navigate to 'https://katalon-demo-cura.herokuapp.com/' successfully

02-07-2024T22:20:18 - [TEST_STEP][PASSED] - verifyElementVisible(findTestObject("Object Repository/Page_CURA Healthcare Service/i_infokatalon.com_fa fa-facebook fa-fw fa-3x")): Object 'Object Repository/Page_CURA Healthcare Service/i_infokatalon.com_fa fa-facebook fa-fw fa-3x' is visible

02-07-2024T22:20:19 - [MESSAGE][PASSED] - Object 'Object Repository/Page_CURA Healthcare Service/i_infokatalon.com_fa fa-facebook fa-fw fa-3x' is visible

02-07-2024T22:20:19 - [TEST_STEP][PASSED] - closeBrowser(): Browser is closed

02-07-2024T22:20:19 - [MESSAGE][PASSED] - Browser is closed]]></system-out>
         <system-err><![CDATA[]]></system-err>
      </testcase>
      <system-out><![CDATA[02-07-2024T22:19:51 - [TEST_SUITE][PASSED] - TS1: Test Cases/TC04]]></system-out>
      <system-err><![CDATA[]]></system-err>
   </testsuite>
</testsuites>
