<?xml version="1.0" encoding="UTF-8"?>
<testsuites name="TS3" time="18.894" tests="3" failures="0" errors="0">
   <testsuite name="TS3" tests="3" failures="0" errors="0" time="18.894" skipped="0" timestamp="02-07-2024T22:20:51" hostname="qHien - DESKTOP-U2IHECD" id="Test Suites/TS3">
      <properties>
         <property name="deviceName" value=""/>
         <property name="devicePlatform"/>
         <property name="logFolder" value="C:\\Users\\qHien\\git\\katalon-poc\\Reports\\20240702_221940\\TS3\\20240702_221945"/>
         <property name="logFiles" value="C:\\Users\\qHien\\git\\katalon-poc\\Reports\\20240702_221940\\TS3\\20240702_221945\\execution0.log"/>
         <property name="attachments" value=""/>
         <property name="hostName" value="qHien - DESKTOP-U2IHECD"/>
         <property name="os" value="Windows 10 64bit"/>
         <property name="katalonVersion" value="9.6.0.217"/>
         <property name="browser" value="Chrome 126.0.0.0"/>
         <property name="hostAddress" value="192.168.0.172"/>
         <property name="sessionId" value="e973c731bf8733b3d28e83bf6ed2aec3"/>
         <property name="seleniumVersion" value="3.141.59"/>
         <property name="proxyInformation" value="ProxyInformation { proxyOption=NO_PROXY, proxyServerType=HTTP, username=, password=********, proxyServerAddress=, proxyServerPort=0, executionList=&quot;&quot;, isApplyToDesiredCapabilities=true }"/>
         <property name="platform" value="Windows 10"/>
      </properties>
      <testcase name="Test Cases/TC08" time="6.457" classname="Test Cases/TC08" status="PASSED">
         <system-out><![CDATA[02-07-2024T22:20:51 - [TEST_CASE][PASSED] - Test Cases/TC08: Test Cases/TC08

02-07-2024T22:20:51 - [TEST_STEP][PASSED] - openBrowser(""): Browser is opened with url: ''

02-07-2024T22:20:52 - [MESSAGE][INFO] - Starting 'Chrome' driver

02-07-2024T22:20:52 - [MESSAGE][INFO] - Action delay is set to 0 milliseconds

02-07-2024T22:20:53 - [MESSAGE][PASSED] - Browser is opened with url: ''

02-07-2024T22:20:53 - [TEST_STEP][PASSED] - navigateToUrl("https://katalon-demo-cura.herokuapp.com/"): Navigate to 'https://katalon-demo-cura.herokuapp.com/' successfully

02-07-2024T22:20:57 - [MESSAGE][PASSED] - Navigate to 'https://katalon-demo-cura.herokuapp.com/' successfully

02-07-2024T22:20:57 - [TEST_STEP][PASSED] - click(findTestObject("Object Repository/Page_CURA Healthcare Service/li_(678) 813-1KMS")): Object: 'Object Repository/Page_CURA Healthcare Service/li_(678) 813-1KMS' is clicked on

02-07-2024T22:20:57 - [MESSAGE][PASSED] - Object: 'Object Repository/Page_CURA Healthcare Service/li_(678) 813-1KMS' is clicked on

02-07-2024T22:20:57 - [TEST_STEP][PASSED] - verifyElementVisible(findTestObject("Object Repository/Page_CURA Healthcare Service/li_(678) 813-1KMS")): Object 'Object Repository/Page_CURA Healthcare Service/li_(678) 813-1KMS' is visible

02-07-2024T22:20:58 - [MESSAGE][PASSED] - Object 'Object Repository/Page_CURA Healthcare Service/li_(678) 813-1KMS' is visible

02-07-2024T22:20:58 - [TEST_STEP][PASSED] - closeBrowser(STOP_ON_FAILURE): Browser is closed

02-07-2024T22:20:58 - [MESSAGE][PASSED] - Browser is closed]]></system-out>
         <system-err><![CDATA[]]></system-err>
      </testcase>
      <testcase name="Test Cases/TC09" time="6.206" classname="Test Cases/TC09" status="PASSED">
         <system-out><![CDATA[02-07-2024T22:20:58 - [TEST_CASE][PASSED] - Test Cases/TC09: Test Cases/TC09

02-07-2024T22:20:58 - [TEST_STEP][PASSED] - openBrowser(""): Browser is opened with url: ''

02-07-2024T22:20:58 - [MESSAGE][INFO] - Starting 'Chrome' driver

02-07-2024T22:20:58 - [MESSAGE][INFO] - Action delay is set to 0 milliseconds

02-07-2024T22:20:58 - [MESSAGE][PASSED] - Browser is opened with url: ''

02-07-2024T22:20:58 - [TEST_STEP][PASSED] - navigateToUrl("https://katalon-demo-cura.herokuapp.com/"): Navigate to 'https://katalon-demo-cura.herokuapp.com/' successfully

02-07-2024T22:21:03 - [MESSAGE][PASSED] - Navigate to 'https://katalon-demo-cura.herokuapp.com/' successfully

02-07-2024T22:21:03 - [TEST_STEP][PASSED] - click(findTestObject("Object Repository/Page_CURA Healthcare Service/a_CURA Healthcare_menu-toggle")): Object: 'Object Repository/Page_CURA Healthcare Service/a_CURA Healthcare_menu-toggle' is clicked on

02-07-2024T22:21:03 - [MESSAGE][PASSED] - Object: 'Object Repository/Page_CURA Healthcare Service/a_CURA Healthcare_menu-toggle' is clicked on

02-07-2024T22:21:03 - [TEST_STEP][PASSED] - verifyElementClickable(findTestObject("Object Repository/Page_CURA Healthcare Service/a_Home")): Object 'Object Repository/Page_CURA Healthcare Service/a_Home' is clickable

02-07-2024T22:21:03 - [MESSAGE][PASSED] - Object 'Object Repository/Page_CURA Healthcare Service/a_Home' is clickable

02-07-2024T22:21:03 - [TEST_STEP][PASSED] - click(findTestObject("Object Repository/Page_CURA Healthcare Service/a_Home")): Object: 'Object Repository/Page_CURA Healthcare Service/a_Home' is clicked on

02-07-2024T22:21:04 - [MESSAGE][PASSED] - Object: 'Object Repository/Page_CURA Healthcare Service/a_Home' is clicked on

02-07-2024T22:21:04 - [TEST_STEP][PASSED] - closeBrowser(): Browser is closed

02-07-2024T22:21:04 - [MESSAGE][PASSED] - Browser is closed]]></system-out>
         <system-err><![CDATA[]]></system-err>
      </testcase>
      <testcase name="Test Cases/TC10" time="6.105" classname="Test Cases/TC10" status="PASSED">
         <system-out><![CDATA[02-07-2024T22:21:04 - [TEST_CASE][PASSED] - Test Cases/TC10: Test Cases/TC10

02-07-2024T22:21:04 - [TEST_STEP][PASSED] - openBrowser(""): Browser is opened with url: ''

02-07-2024T22:21:04 - [MESSAGE][INFO] - Starting 'Chrome' driver

02-07-2024T22:21:04 - [MESSAGE][INFO] - Action delay is set to 0 milliseconds

02-07-2024T22:21:04 - [MESSAGE][PASSED] - Browser is opened with url: ''

02-07-2024T22:21:04 - [TEST_STEP][PASSED] - navigateToUrl("https://katalon-demo-cura.herokuapp.com/"): Navigate to 'https://katalon-demo-cura.herokuapp.com/' successfully

02-07-2024T22:21:09 - [MESSAGE][PASSED] - Navigate to 'https://katalon-demo-cura.herokuapp.com/' successfully

02-07-2024T22:21:09 - [TEST_STEP][PASSED] - click(findTestObject("Object Repository/Page_CURA Healthcare Service/a_CURA Healthcare_menu-toggle")): Object: 'Object Repository/Page_CURA Healthcare Service/a_CURA Healthcare_menu-toggle' is clicked on

02-07-2024T22:21:09 - [MESSAGE][PASSED] - Object: 'Object Repository/Page_CURA Healthcare Service/a_CURA Healthcare_menu-toggle' is clicked on

02-07-2024T22:21:09 - [TEST_STEP][PASSED] - verifyElementClickable(findTestObject("Object Repository/Page_CURA Healthcare Service/a_Login")): Object 'Object Repository/Page_CURA Healthcare Service/a_Login' is clickable

02-07-2024T22:21:09 - [MESSAGE][PASSED] - Object 'Object Repository/Page_CURA Healthcare Service/a_Login' is clickable

02-07-2024T22:21:09 - [TEST_STEP][PASSED] - click(findTestObject("Object Repository/Page_CURA Healthcare Service/a_Login")): Object: 'Object Repository/Page_CURA Healthcare Service/a_Login' is clicked on

02-07-2024T22:21:10 - [MESSAGE][PASSED] - Object: 'Object Repository/Page_CURA Healthcare Service/a_Login' is clicked on

02-07-2024T22:21:10 - [TEST_STEP][PASSED] - closeBrowser(): Browser is closed

02-07-2024T22:21:10 - [MESSAGE][PASSED] - Browser is closed]]></system-out>
         <system-err><![CDATA[]]></system-err>
      </testcase>
      <system-out><![CDATA[02-07-2024T22:20:51 - [TEST_SUITE][PASSED] - TS3: Test Cases/TC10]]></system-out>
      <system-err><![CDATA[]]></system-err>
   </testsuite>
</testsuites>
