<?xml version="1.0" encoding="UTF-8"?>
<testsuites name="1_web_katalon_demo_web_view" time="94.211" tests="6" failures="0" errors="0">
   <testsuite name="1_web_katalon_demo_web_view" tests="6" failures="0" errors="0" time="94.211" skipped="0" timestamp="02-07-2024T21:35:14" hostname="qHien - DESKTOP-U2IHECD" id="Test Suites/1_web_katalon_demo_web_view">
      <properties>
         <property name="deviceName" value=""/>
         <property name="devicePlatform"/>
         <property name="logFolder" value="C:\\Users\\qHien\\git\\katalon-poc\\Reports\\20240702_213505\\1_web_katalon_demo_web_view\\20240702_213505"/>
         <property name="logFiles" value="C:\\Users\\qHien\\git\\katalon-poc\\Reports\\20240702_213505\\1_web_katalon_demo_web_view\\20240702_213505\\execution0.log"/>
         <property name="attachments" value=""/>
         <property name="hostName" value="qHien - DESKTOP-U2IHECD"/>
         <property name="os" value="Windows 10 64bit"/>
         <property name="katalonVersion" value="9.6.0.217"/>
         <property name="browser" value="Chrome 126.0.0.0"/>
         <property name="hostAddress" value="192.168.0.172"/>
         <property name="sessionId" value="ded3e44d50735064d5c4e9bbaa879476"/>
         <property name="seleniumVersion" value="3.141.59"/>
         <property name="proxyInformation" value="ProxyInformation { proxyOption=NO_PROXY, proxyServerType=HTTP, username=, password=********, proxyServerAddress=, proxyServerPort=0, executionList=&quot;&quot;, isApplyToDesiredCapabilities=true }"/>
         <property name="platform" value="Windows 10"/>
      </properties>
      <testcase name="Test Cases/WEB/T1_LoadPage" time="5.303" classname="Test Cases/WEB/T1_LoadPage" status="PASSED">
         <system-out><![CDATA[02-07-2024T21:35:14 - [TEST_CASE][PASSED] - Test Cases/WEB/T1_LoadPage: Test Cases/WEB/T1_LoadPage

02-07-2024T21:35:14 - [TEST_STEP][PASSED] - openBrowser(""): Browser is opened with url: ''

02-07-2024T21:35:14 - [MESSAGE][INFO] - Starting 'Chrome' driver

02-07-2024T21:35:14 - [MESSAGE][INFO] - Action delay is set to 0 milliseconds

02-07-2024T21:35:15 - [MESSAGE][PASSED] - Browser is opened with url: ''

02-07-2024T21:35:15 - [TEST_STEP][PASSED] - navigateToUrl("https://katalon-demo-cura.herokuapp.com/"): Navigate to 'https://katalon-demo-cura.herokuapp.com/' successfully

02-07-2024T21:35:19 - [MESSAGE][PASSED] - Navigate to 'https://katalon-demo-cura.herokuapp.com/' successfully

02-07-2024T21:35:19 - [TEST_STEP][PASSED] - click(findTestObject("Object Repository/Page_CURA Healthcare Service/h1_CURA Healthcare Service")): Object: 'Object Repository/Page_CURA Healthcare Service/h1_CURA Healthcare Service' is clicked on

02-07-2024T21:35:19 - [MESSAGE][PASSED] - Object: 'Object Repository/Page_CURA Healthcare Service/h1_CURA Healthcare Service' is clicked on

02-07-2024T21:35:19 - [TEST_STEP][PASSED] - closeBrowser(STOP_ON_FAILURE): Browser is closed

02-07-2024T21:35:19 - [MESSAGE][PASSED] - Browser is closed]]></system-out>
         <system-err><![CDATA[]]></system-err>
      </testcase>
      <testcase name="Test Cases/WEB/T2_on_homePage_scroll" time="9.068" classname="Test Cases/WEB/T2_on_homePage_scroll" status="PASSED">
         <system-out><![CDATA[02-07-2024T21:35:19 - [TEST_CASE][PASSED] - Test Cases/WEB/T2_on_homePage_scroll: Test Cases/WEB/T2_on_homePage_scroll

02-07-2024T21:35:19 - [TEST_STEP][PASSED] - openBrowser(""): Browser is opened with url: ''

02-07-2024T21:35:19 - [MESSAGE][INFO] - Starting 'Chrome' driver

02-07-2024T21:35:19 - [MESSAGE][INFO] - Action delay is set to 0 milliseconds

02-07-2024T21:35:20 - [MESSAGE][PASSED] - Browser is opened with url: ''

02-07-2024T21:35:20 - [TEST_STEP][PASSED] - navigateToUrl("https://katalon-demo-cura.herokuapp.com/"): Navigate to 'https://katalon-demo-cura.herokuapp.com/' successfully

02-07-2024T21:35:26 - [MESSAGE][PASSED] - Navigate to 'https://katalon-demo-cura.herokuapp.com/' successfully

02-07-2024T21:35:26 - [TEST_STEP][PASSED] - click(findTestObject("Object Repository/Page_CURA Healthcare Service/div_CURA Healthcare Service        We Care _b17f12")): Object: 'Object Repository/Page_CURA Healthcare Service/div_CURA Healthcare Service        We Care _b17f12' is clicked on

02-07-2024T21:35:26 - [MESSAGE][PASSED] - Object: 'Object Repository/Page_CURA Healthcare Service/div_CURA Healthcare Service        We Care _b17f12' is clicked on

02-07-2024T21:35:26 - [TEST_STEP][PASSED] - click(findTestObject("Object Repository/Page_CURA Healthcare Service/i_CURA Healthcare_fa fa-bars")): Object: 'Object Repository/Page_CURA Healthcare Service/i_CURA Healthcare_fa fa-bars' is clicked on

02-07-2024T21:35:26 - [MESSAGE][PASSED] - Object: 'Object Repository/Page_CURA Healthcare Service/i_CURA Healthcare_fa fa-bars' is clicked on

02-07-2024T21:35:26 - [TEST_STEP][PASSED] - click(findTestObject("Object Repository/Page_CURA Healthcare Service/a_Home")): Object: 'Object Repository/Page_CURA Healthcare Service/a_Home' is clicked on

02-07-2024T21:35:27 - [MESSAGE][PASSED] - Object: 'Object Repository/Page_CURA Healthcare Service/a_Home' is clicked on

02-07-2024T21:35:27 - [TEST_STEP][PASSED] - click(findTestObject("Object Repository/Page_CURA Healthcare Service/i_CURA Healthcare_fa fa-bars")): Object: 'Object Repository/Page_CURA Healthcare Service/i_CURA Healthcare_fa fa-bars' is clicked on

02-07-2024T21:35:27 - [MESSAGE][PASSED] - Object: 'Object Repository/Page_CURA Healthcare Service/i_CURA Healthcare_fa fa-bars' is clicked on

02-07-2024T21:35:27 - [TEST_STEP][PASSED] - click(findTestObject("Object Repository/Page_CURA Healthcare Service/h1_CURA Healthcare Service")): Object: 'Object Repository/Page_CURA Healthcare Service/h1_CURA Healthcare Service' is clicked on

02-07-2024T21:35:27 - [MESSAGE][PASSED] - Object: 'Object Repository/Page_CURA Healthcare Service/h1_CURA Healthcare Service' is clicked on

02-07-2024T21:35:27 - [TEST_STEP][PASSED] - click(findTestObject("Object Repository/Page_CURA Healthcare Service/h3_We Care About Your Health")): Object: 'Object Repository/Page_CURA Healthcare Service/h3_We Care About Your Health' is clicked on

02-07-2024T21:35:28 - [MESSAGE][PASSED] - Object: 'Object Repository/Page_CURA Healthcare Service/h3_We Care About Your Health' is clicked on

02-07-2024T21:35:28 - [TEST_STEP][PASSED] - click(findTestObject("Object Repository/Page_CURA Healthcare Service/p_Copyright  CURA Healthcare Service 2024")): Object: 'Object Repository/Page_CURA Healthcare Service/p_Copyright  CURA Healthcare Service 2024' is clicked on

02-07-2024T21:35:28 - [MESSAGE][PASSED] - Object: 'Object Repository/Page_CURA Healthcare Service/p_Copyright  CURA Healthcare Service 2024' is clicked on

02-07-2024T21:35:28 - [TEST_STEP][PASSED] - click(findTestObject("Object Repository/Page_CURA Healthcare Service/i_CURA Healthcare_fa fa-bars")): Object: 'Object Repository/Page_CURA Healthcare Service/i_CURA Healthcare_fa fa-bars' is clicked on

02-07-2024T21:35:28 - [MESSAGE][PASSED] - Object: 'Object Repository/Page_CURA Healthcare Service/i_CURA Healthcare_fa fa-bars' is clicked on

02-07-2024T21:35:28 - [TEST_STEP][PASSED] - closeBrowser(): Browser is closed

02-07-2024T21:35:28 - [MESSAGE][PASSED] - Browser is closed]]></system-out>
         <system-err><![CDATA[]]></system-err>
      </testcase>
      <testcase name="Test Cases/WEB/t3_click_homepage_button_and_login" time="6.279" classname="Test Cases/WEB/t3_click_homepage_button_and_login" status="PASSED">
         <system-out><![CDATA[02-07-2024T21:35:28 - [TEST_CASE][PASSED] - Test Cases/WEB/t3_click_homepage_button_and_login: Test Cases/WEB/t3_click_homepage_button_and_login

02-07-2024T21:35:28 - [TEST_STEP][PASSED] - openBrowser(""): Browser is opened with url: ''

02-07-2024T21:35:28 - [MESSAGE][INFO] - Starting 'Chrome' driver

02-07-2024T21:35:28 - [MESSAGE][INFO] - Action delay is set to 0 milliseconds

02-07-2024T21:35:29 - [MESSAGE][PASSED] - Browser is opened with url: ''

02-07-2024T21:35:29 - [TEST_STEP][PASSED] - navigateToUrl("https://katalon-demo-cura.herokuapp.com/"): Navigate to 'https://katalon-demo-cura.herokuapp.com/' successfully

02-07-2024T21:35:32 - [MESSAGE][PASSED] - Navigate to 'https://katalon-demo-cura.herokuapp.com/' successfully

02-07-2024T21:35:32 - [TEST_STEP][PASSED] - click(findTestObject("Object Repository/Page_CURA Healthcare Service/a_Make Appointment")): Object: 'Object Repository/Page_CURA Healthcare Service/a_Make Appointment' is clicked on

02-07-2024T21:35:33 - [MESSAGE][PASSED] - Object: 'Object Repository/Page_CURA Healthcare Service/a_Make Appointment' is clicked on

02-07-2024T21:35:33 - [TEST_STEP][PASSED] - setText(findTestObject("Object Repository/Page_CURA Healthcare Service/input_Username_username"), "John Doe"): Text 'John Doe' is set on object 'Object Repository/Page_CURA Healthcare Service/input_Username_username'

02-07-2024T21:35:33 - [MESSAGE][PASSED] - Text 'John Doe' is set on object 'Object Repository/Page_CURA Healthcare Service/input_Username_username'

02-07-2024T21:35:33 - [TEST_STEP][PASSED] - setEncryptedText(findTestObject("Object Repository/Page_CURA Healthcare Service/input_Password_password"), "g3/DOGG74jC3Flrr3yH+3D/yKbOqqUNM"): Text ****** has been set on object 'Object Repository/Page_CURA Healthcare Service/input_Password_password'

02-07-2024T21:35:34 - [MESSAGE][PASSED] - Text ****** has been set on object 'Object Repository/Page_CURA Healthcare Service/input_Password_password'

02-07-2024T21:35:34 - [TEST_STEP][PASSED] - click(findTestObject("Object Repository/Page_CURA Healthcare Service/button_Login")): Object: 'Object Repository/Page_CURA Healthcare Service/button_Login' is clicked on

02-07-2024T21:35:35 - [MESSAGE][PASSED] - Object: 'Object Repository/Page_CURA Healthcare Service/button_Login' is clicked on]]></system-out>
         <system-err><![CDATA[]]></system-err>
      </testcase>
      <testcase name="Test Cases/WEB/t4_make_an_appointment" time="42.81" classname="Test Cases/WEB/t4_make_an_appointment" status="PASSED">
         <system-out><![CDATA[02-07-2024T21:35:35 - [TEST_CASE][PASSED] - Test Cases/WEB/t4_make_an_appointment: Test Cases/WEB/t4_make_an_appointment

02-07-2024T21:35:35 - [TEST_STEP][PASSED] - openBrowser(""): Browser is opened with url: ''

02-07-2024T21:35:35 - [MESSAGE][WARNING] - A browser is already opened. Closing browser and opening a new one

02-07-2024T21:35:35 - [MESSAGE][INFO] - Starting 'Chrome' driver

02-07-2024T21:35:35 - [MESSAGE][INFO] - Action delay is set to 0 milliseconds

02-07-2024T21:35:35 - [MESSAGE][PASSED] - Browser is opened with url: ''

02-07-2024T21:35:35 - [TEST_STEP][PASSED] - navigateToUrl("https://katalon-demo-cura.herokuapp.com/"): Navigate to 'https://katalon-demo-cura.herokuapp.com/' successfully

02-07-2024T21:35:38 - [MESSAGE][PASSED] - Navigate to 'https://katalon-demo-cura.herokuapp.com/' successfully

02-07-2024T21:35:38 - [TEST_STEP][PASSED] - click(findTestObject("Object Repository/Page_CURA Healthcare Service/a_Make Appointment")): Object: 'Object Repository/Page_CURA Healthcare Service/a_Make Appointment' is clicked on

02-07-2024T21:35:39 - [MESSAGE][PASSED] - Object: 'Object Repository/Page_CURA Healthcare Service/a_Make Appointment' is clicked on

02-07-2024T21:35:39 - [TEST_STEP][PASSED] - setText(findTestObject("Object Repository/Page_CURA Healthcare Service/input_Username_username"), "John Doe"): Text 'John Doe' is set on object 'Object Repository/Page_CURA Healthcare Service/input_Username_username'

02-07-2024T21:35:39 - [MESSAGE][PASSED] - Text 'John Doe' is set on object 'Object Repository/Page_CURA Healthcare Service/input_Username_username'

02-07-2024T21:35:39 - [TEST_STEP][PASSED] - setEncryptedText(findTestObject("Object Repository/Page_CURA Healthcare Service/input_Password_password"), "g3/DOGG74jC3Flrr3yH+3D/yKbOqqUNM"): Text ****** has been set on object 'Object Repository/Page_CURA Healthcare Service/input_Password_password'

02-07-2024T21:35:40 - [MESSAGE][PASSED] - Text ****** has been set on object 'Object Repository/Page_CURA Healthcare Service/input_Password_password'

02-07-2024T21:35:40 - [TEST_STEP][PASSED] - click(findTestObject("Object Repository/Page_CURA Healthcare Service/button_Login")): Object: 'Object Repository/Page_CURA Healthcare Service/button_Login' is clicked on

02-07-2024T21:35:41 - [MESSAGE][PASSED] - Object: 'Object Repository/Page_CURA Healthcare Service/button_Login' is clicked on

02-07-2024T21:35:41 - [TEST_STEP][PASSED] - selectOptionByValue(findTestObject("Object Repository/Page_CURA Healthcare Service/select_Tokyo CURA Healthcare Center        _5b4107"), "Hongkong CURA Healthcare Center", true): All options with value 'Hongkong CURA Healthcare Center' are selected in object 'Object Repository/Page_CURA Healthcare Service/select_Tokyo CURA Healthcare Center        _5b4107'  using regular expression

02-07-2024T21:35:42 - [MESSAGE][PASSED] - All options with value 'Hongkong CURA Healthcare Center' are selected in object 'Object Repository/Page_CURA Healthcare Service/select_Tokyo CURA Healthcare Center        _5b4107'  using regular expression

02-07-2024T21:35:42 - [TEST_STEP][PASSED] - click(findTestObject("Object Repository/Page_CURA Healthcare Service/input_Apply for hospital readmission_hospit_63901f")): Object: 'Object Repository/Page_CURA Healthcare Service/input_Apply for hospital readmission_hospit_63901f' is clicked on

02-07-2024T21:35:42 - [MESSAGE][PASSED] - Object: 'Object Repository/Page_CURA Healthcare Service/input_Apply for hospital readmission_hospit_63901f' is clicked on

02-07-2024T21:35:42 - [TEST_STEP][PASSED] - click(findTestObject("Object Repository/Page_CURA Healthcare Service/input_Visit Date (Required)_visit_date")): Object: 'Object Repository/Page_CURA Healthcare Service/input_Visit Date (Required)_visit_date' is clicked on

02-07-2024T21:35:42 - [MESSAGE][PASSED] - Object: 'Object Repository/Page_CURA Healthcare Service/input_Visit Date (Required)_visit_date' is clicked on

02-07-2024T21:35:42 - [TEST_STEP][PASSED] - click(findTestObject("Object Repository/Page_CURA Healthcare Service/td_10")): Object: 'Object Repository/Page_CURA Healthcare Service/td_10' is clicked on

02-07-2024T21:35:43 - [MESSAGE][PASSED] - Object: 'Object Repository/Page_CURA Healthcare Service/td_10' is clicked on

02-07-2024T21:35:43 - [TEST_STEP][PASSED] - click(findTestObject("Object Repository/Page_CURA Healthcare Service/button_Book Appointment")): Object: 'Object Repository/Page_CURA Healthcare Service/button_Book Appointment' is clicked on

02-07-2024T21:35:43 - [MESSAGE][PASSED] - Object: 'Object Repository/Page_CURA Healthcare Service/button_Book Appointment' is clicked on

02-07-2024T21:35:43 - [TEST_STEP][PASSED] - click(findTestObject("Object Repository/Page_CURA Healthcare Service/h2_Appointment Confirmation")): Object: 'Object Repository/Page_CURA Healthcare Service/h2_Appointment Confirmation' is clicked on

02-07-2024T21:35:44 - [MESSAGE][PASSED] - Object: 'Object Repository/Page_CURA Healthcare Service/h2_Appointment Confirmation' is clicked on

02-07-2024T21:35:44 - [TEST_STEP][PASSED] - click(findTestObject("Object Repository/Page_CURA Healthcare Service/p_Hongkong CURA Healthcare Center")): Object: 'Object Repository/Page_CURA Healthcare Service/p_Hongkong CURA Healthcare Center' is clicked on

02-07-2024T21:35:44 - [MESSAGE][PASSED] - Object: 'Object Repository/Page_CURA Healthcare Service/p_Hongkong CURA Healthcare Center' is clicked on

02-07-2024T21:35:44 - [TEST_STEP][PASSED] - click(findTestObject("Object Repository/Page_CURA Healthcare Service/p_Yes")): Object: 'Object Repository/Page_CURA Healthcare Service/p_Yes' is clicked on

02-07-2024T21:35:44 - [MESSAGE][PASSED] - Object: 'Object Repository/Page_CURA Healthcare Service/p_Yes' is clicked on

02-07-2024T21:35:44 - [TEST_STEP][PASSED] - click(findTestObject("Object Repository/Page_CURA Healthcare Service/p_Medicare")): Object: 'Object Repository/Page_CURA Healthcare Service/p_Medicare' is clicked on

02-07-2024T21:35:45 - [MESSAGE][PASSED] - Object: 'Object Repository/Page_CURA Healthcare Service/p_Medicare' is clicked on

02-07-2024T21:35:45 - [TEST_STEP][PASSED] - click(findTestObject("Object Repository/Page_CURA Healthcare Service/p_10072024")): Object: 'Object Repository/Page_CURA Healthcare Service/p_10072024' is clicked on

02-07-2024T21:35:45 - [MESSAGE][PASSED] - Object: 'Object Repository/Page_CURA Healthcare Service/p_10072024' is clicked on

02-07-2024T21:35:45 - [TEST_STEP][PASSED] - click(findTestObject("Object Repository/Page_CURA Healthcare Service/a_Go to Homepage")): Object: 'Object Repository/Page_CURA Healthcare Service/a_Go to Homepage' is clicked on

02-07-2024T21:36:16 - [MESSAGE][INFO] - Unable to find the element located by 'By.xpath: //section[@id='history']/div/div[3]/p/a'. Please recheck the objects properties to make sure the desired element is located. 

02-07-2024T21:36:16 - [MESSAGE][WARNING] - [SELF-HEALING] Failed to find element with id 'Object Repository/Page_CURA Healthcare Service/a_Go to Homepage'. Try using Self-healing.

02-07-2024T21:36:16 - [MESSAGE][WARNING] - [SELF-HEALING] The current locator of test object 'Object Repository/Page_CURA Healthcare Service/a_Go to Homepage' was broken. Propose an alternative one: '//a[contains(text(),'Go to Homepage')]'.

02-07-2024T21:36:17 - [MESSAGE][PASSED] - Object: 'Object Repository/Page_CURA Healthcare Service/a_Go to Homepage' is clicked on

02-07-2024T21:36:17 - [TEST_STEP][PASSED] - click(findTestObject("Object Repository/Page_CURA Healthcare Service/h1_CURA Healthcare Service")): Object: 'Object Repository/Page_CURA Healthcare Service/h1_CURA Healthcare Service' is clicked on

02-07-2024T21:36:17 - [MESSAGE][PASSED] - Object: 'Object Repository/Page_CURA Healthcare Service/h1_CURA Healthcare Service' is clicked on

02-07-2024T21:36:17 - [TEST_STEP][PASSED] - click(findTestObject("Object Repository/Page_CURA Healthcare Service/h3_We Care About Your Health")): Object: 'Object Repository/Page_CURA Healthcare Service/h3_We Care About Your Health' is clicked on

02-07-2024T21:36:17 - [MESSAGE][PASSED] - Object: 'Object Repository/Page_CURA Healthcare Service/h3_We Care About Your Health' is clicked on

02-07-2024T21:36:17 - [TEST_STEP][PASSED] - click(findTestObject("Object Repository/Page_CURA Healthcare Service/p_Copyright  CURA Healthcare Service 2024")): Object: 'Object Repository/Page_CURA Healthcare Service/p_Copyright  CURA Healthcare Service 2024' is clicked on

02-07-2024T21:36:17 - [MESSAGE][PASSED] - Object: 'Object Repository/Page_CURA Healthcare Service/p_Copyright  CURA Healthcare Service 2024' is clicked on

02-07-2024T21:36:17 - [TEST_STEP][PASSED] - closeBrowser(): Browser is closed

02-07-2024T21:36:17 - [MESSAGE][PASSED] - Browser is closed]]></system-out>
         <system-err><![CDATA[]]></system-err>
      </testcase>
      <testcase name="Test Cases/WEB/T5_signout" time="11.757" classname="Test Cases/WEB/T5_signout" status="PASSED">
         <system-out><![CDATA[02-07-2024T21:36:17 - [TEST_CASE][PASSED] - Test Cases/WEB/T5_signout: Test Cases/WEB/T5_signout

02-07-2024T21:36:17 - [TEST_STEP][PASSED] - openBrowser(""): Browser is opened with url: ''

02-07-2024T21:36:17 - [MESSAGE][INFO] - Starting 'Chrome' driver

02-07-2024T21:36:17 - [MESSAGE][INFO] - Action delay is set to 0 milliseconds

02-07-2024T21:36:18 - [MESSAGE][PASSED] - Browser is opened with url: ''

02-07-2024T21:36:18 - [TEST_STEP][PASSED] - navigateToUrl("https://katalon-demo-cura.herokuapp.com/"): Navigate to 'https://katalon-demo-cura.herokuapp.com/' successfully

02-07-2024T21:36:21 - [MESSAGE][PASSED] - Navigate to 'https://katalon-demo-cura.herokuapp.com/' successfully

02-07-2024T21:36:21 - [TEST_STEP][PASSED] - click(findTestObject("Object Repository/Page_CURA Healthcare Service/i_CURA Healthcare_fa fa-bars")): Object: 'Object Repository/Page_CURA Healthcare Service/i_CURA Healthcare_fa fa-bars' is clicked on

02-07-2024T21:36:21 - [MESSAGE][PASSED] - Object: 'Object Repository/Page_CURA Healthcare Service/i_CURA Healthcare_fa fa-bars' is clicked on

02-07-2024T21:36:21 - [TEST_STEP][PASSED] - click(findTestObject("Object Repository/Page_CURA Healthcare Service/a_Login")): Object: 'Object Repository/Page_CURA Healthcare Service/a_Login' is clicked on

02-07-2024T21:36:22 - [MESSAGE][PASSED] - Object: 'Object Repository/Page_CURA Healthcare Service/a_Login' is clicked on

02-07-2024T21:36:22 - [TEST_STEP][PASSED] - setText(findTestObject("Object Repository/Page_CURA Healthcare Service/input_Username_username"), "John Doe"): Text 'John Doe' is set on object 'Object Repository/Page_CURA Healthcare Service/input_Username_username'

02-07-2024T21:36:22 - [MESSAGE][PASSED] - Text 'John Doe' is set on object 'Object Repository/Page_CURA Healthcare Service/input_Username_username'

02-07-2024T21:36:22 - [TEST_STEP][PASSED] - setEncryptedText(findTestObject("Object Repository/Page_CURA Healthcare Service/input_Password_password"), "g3/DOGG74jC3Flrr3yH+3D/yKbOqqUNM"): Text ****** has been set on object 'Object Repository/Page_CURA Healthcare Service/input_Password_password'

02-07-2024T21:36:23 - [MESSAGE][PASSED] - Text ****** has been set on object 'Object Repository/Page_CURA Healthcare Service/input_Password_password'

02-07-2024T21:36:23 - [TEST_STEP][PASSED] - click(findTestObject("Object Repository/Page_CURA Healthcare Service/button_Login")): Object: 'Object Repository/Page_CURA Healthcare Service/button_Login' is clicked on

02-07-2024T21:36:24 - [MESSAGE][PASSED] - Object: 'Object Repository/Page_CURA Healthcare Service/button_Login' is clicked on

02-07-2024T21:36:24 - [TEST_STEP][PASSED] - click(findTestObject("Object Repository/Page_CURA Healthcare Service/a_CURA Healthcare_menu-toggle")): Object: 'Object Repository/Page_CURA Healthcare Service/a_CURA Healthcare_menu-toggle' is clicked on

02-07-2024T21:36:24 - [MESSAGE][PASSED] - Object: 'Object Repository/Page_CURA Healthcare Service/a_CURA Healthcare_menu-toggle' is clicked on

02-07-2024T21:36:24 - [TEST_STEP][PASSED] - click(findTestObject("Object Repository/Page_CURA Healthcare Service/a_Logout")): Object: 'Object Repository/Page_CURA Healthcare Service/a_Logout' is clicked on

02-07-2024T21:36:25 - [MESSAGE][PASSED] - Object: 'Object Repository/Page_CURA Healthcare Service/a_Logout' is clicked on

02-07-2024T21:36:25 - [TEST_STEP][PASSED] - click(findTestObject("Object Repository/Page_CURA Healthcare Service/h1_CURA Healthcare Service")): Object: 'Object Repository/Page_CURA Healthcare Service/h1_CURA Healthcare Service' is clicked on

02-07-2024T21:36:25 - [MESSAGE][PASSED] - Object: 'Object Repository/Page_CURA Healthcare Service/h1_CURA Healthcare Service' is clicked on

02-07-2024T21:36:25 - [TEST_STEP][PASSED] - click(findTestObject("Object Repository/Page_CURA Healthcare Service/h3_We Care About Your Health")): Object: 'Object Repository/Page_CURA Healthcare Service/h3_We Care About Your Health' is clicked on

02-07-2024T21:36:25 - [MESSAGE][PASSED] - Object: 'Object Repository/Page_CURA Healthcare Service/h3_We Care About Your Health' is clicked on

02-07-2024T21:36:25 - [TEST_STEP][PASSED] - click(findTestObject("Object Repository/Page_CURA Healthcare Service/footer_CURA Healthcare Service             _54f5c2")): Object: 'Object Repository/Page_CURA Healthcare Service/footer_CURA Healthcare Service             _54f5c2' is clicked on

02-07-2024T21:36:26 - [MESSAGE][PASSED] - Object: 'Object Repository/Page_CURA Healthcare Service/footer_CURA Healthcare Service             _54f5c2' is clicked on

02-07-2024T21:36:26 - [TEST_STEP][PASSED] - click(findTestObject("Object Repository/Page_CURA Healthcare Service/h4_CURA Healthcare Service")): Object: 'Object Repository/Page_CURA Healthcare Service/h4_CURA Healthcare Service' is clicked on

02-07-2024T21:36:26 - [MESSAGE][PASSED] - Object: 'Object Repository/Page_CURA Healthcare Service/h4_CURA Healthcare Service' is clicked on

02-07-2024T21:36:26 - [TEST_STEP][PASSED] - click(findTestObject("Object Repository/Page_CURA Healthcare Service/div_CURA Healthcare Service                _bba294")): Object: 'Object Repository/Page_CURA Healthcare Service/div_CURA Healthcare Service                _bba294' is clicked on

02-07-2024T21:36:26 - [MESSAGE][PASSED] - Object: 'Object Repository/Page_CURA Healthcare Service/div_CURA Healthcare Service                _bba294' is clicked on

02-07-2024T21:36:26 - [TEST_STEP][PASSED] - doubleClick(findTestObject("Object Repository/Page_CURA Healthcare Service/strong_CURA Healthcare Service")): Object: 'Object Repository/Page_CURA Healthcare Service/strong_CURA Healthcare Service' is double clicked on

02-07-2024T21:36:27 - [MESSAGE][PASSED] - Object: 'Object Repository/Page_CURA Healthcare Service/strong_CURA Healthcare Service' is double clicked on

02-07-2024T21:36:27 - [TEST_STEP][PASSED] - click(findTestObject("Object Repository/Page_CURA Healthcare Service/strong_CURA Healthcare Service")): Object: 'Object Repository/Page_CURA Healthcare Service/strong_CURA Healthcare Service' is clicked on

02-07-2024T21:36:27 - [MESSAGE][PASSED] - Object: 'Object Repository/Page_CURA Healthcare Service/strong_CURA Healthcare Service' is clicked on

02-07-2024T21:36:27 - [TEST_STEP][PASSED] - doubleClick(findTestObject("Object Repository/Page_CURA Healthcare Service/p_Atlanta 550 Pharr Road NE Suite 525Atlant_8f4c85")): Object: 'Object Repository/Page_CURA Healthcare Service/p_Atlanta 550 Pharr Road NE Suite 525Atlant_8f4c85' is double clicked on

02-07-2024T21:36:27 - [MESSAGE][PASSED] - Object: 'Object Repository/Page_CURA Healthcare Service/p_Atlanta 550 Pharr Road NE Suite 525Atlant_8f4c85' is double clicked on

02-07-2024T21:36:27 - [TEST_STEP][PASSED] - click(findTestObject("Object Repository/Page_CURA Healthcare Service/p_Atlanta 550 Pharr Road NE Suite 525Atlant_8f4c85")): Object: 'Object Repository/Page_CURA Healthcare Service/p_Atlanta 550 Pharr Road NE Suite 525Atlant_8f4c85' is clicked on

02-07-2024T21:36:27 - [MESSAGE][PASSED] - Object: 'Object Repository/Page_CURA Healthcare Service/p_Atlanta 550 Pharr Road NE Suite 525Atlant_8f4c85' is clicked on

02-07-2024T21:36:27 - [TEST_STEP][PASSED] - click(findTestObject("Object Repository/Page_CURA Healthcare Service/p_Atlanta 550 Pharr Road NE Suite 525Atlant_8f4c85")): Object: 'Object Repository/Page_CURA Healthcare Service/p_Atlanta 550 Pharr Road NE Suite 525Atlant_8f4c85' is clicked on

02-07-2024T21:36:28 - [MESSAGE][PASSED] - Object: 'Object Repository/Page_CURA Healthcare Service/p_Atlanta 550 Pharr Road NE Suite 525Atlant_8f4c85' is clicked on

02-07-2024T21:36:28 - [TEST_STEP][PASSED] - doubleClick(findTestObject("Object Repository/Page_CURA Healthcare Service/p_Copyright  CURA Healthcare Service 2024")): Object: 'Object Repository/Page_CURA Healthcare Service/p_Copyright  CURA Healthcare Service 2024' is double clicked on

02-07-2024T21:36:28 - [MESSAGE][PASSED] - Object: 'Object Repository/Page_CURA Healthcare Service/p_Copyright  CURA Healthcare Service 2024' is double clicked on

02-07-2024T21:36:28 - [TEST_STEP][PASSED] - click(findTestObject("Object Repository/Page_CURA Healthcare Service/p_Copyright  CURA Healthcare Service 2024")): Object: 'Object Repository/Page_CURA Healthcare Service/p_Copyright  CURA Healthcare Service 2024' is clicked on

02-07-2024T21:36:28 - [MESSAGE][PASSED] - Object: 'Object Repository/Page_CURA Healthcare Service/p_Copyright  CURA Healthcare Service 2024' is clicked on

02-07-2024T21:36:28 - [TEST_STEP][PASSED] - click(findTestObject("Object Repository/Page_CURA Healthcare Service/div_CURA Healthcare Service                _bba294_1")): Object: 'Object Repository/Page_CURA Healthcare Service/div_CURA Healthcare Service                _bba294_1' is clicked on

02-07-2024T21:36:29 - [MESSAGE][PASSED] - Object: 'Object Repository/Page_CURA Healthcare Service/div_CURA Healthcare Service                _bba294_1' is clicked on

02-07-2024T21:36:29 - [TEST_STEP][PASSED] - click(findTestObject("Object Repository/Page_CURA Healthcare Service/ul_infokatalon.com_list-inline")): Object: 'Object Repository/Page_CURA Healthcare Service/ul_infokatalon.com_list-inline' is clicked on

02-07-2024T21:36:29 - [MESSAGE][PASSED] - Object: 'Object Repository/Page_CURA Healthcare Service/ul_infokatalon.com_list-inline' is clicked on

02-07-2024T21:36:29 - [TEST_STEP][PASSED] - click(findTestObject("Object Repository/Page_CURA Healthcare Service/html_CURA Healthcare Service               _2b5fdb")): Object: 'Object Repository/Page_CURA Healthcare Service/html_CURA Healthcare Service               _2b5fdb' is clicked on

02-07-2024T21:36:29 - [MESSAGE][PASSED] - Object: 'Object Repository/Page_CURA Healthcare Service/html_CURA Healthcare Service               _2b5fdb' is clicked on

02-07-2024T21:36:29 - [TEST_STEP][PASSED] - closeBrowser(): Browser is closed

02-07-2024T21:36:29 - [MESSAGE][PASSED] - Browser is closed]]></system-out>
         <system-err><![CDATA[]]></system-err>
      </testcase>
      <testcase name="Test Cases/WEB/t6_view_history_logged_in" time="18.878" classname="Test Cases/WEB/t6_view_history_logged_in" status="PASSED">
         <system-out><![CDATA[02-07-2024T21:36:29 - [TEST_CASE][PASSED] - Test Cases/WEB/t6_view_history_logged_in: Test Cases/WEB/t6_view_history_logged_in

02-07-2024T21:36:29 - [TEST_STEP][PASSED] - openBrowser(""): Browser is opened with url: ''

02-07-2024T21:36:29 - [MESSAGE][INFO] - Starting 'Chrome' driver

02-07-2024T21:36:29 - [MESSAGE][INFO] - Action delay is set to 0 milliseconds

02-07-2024T21:36:30 - [MESSAGE][PASSED] - Browser is opened with url: ''

02-07-2024T21:36:30 - [TEST_STEP][PASSED] - navigateToUrl("https://katalon-demo-cura.herokuapp.com/"): Navigate to 'https://katalon-demo-cura.herokuapp.com/' successfully

02-07-2024T21:36:33 - [MESSAGE][PASSED] - Navigate to 'https://katalon-demo-cura.herokuapp.com/' successfully

02-07-2024T21:36:33 - [TEST_STEP][PASSED] - click(findTestObject("Object Repository/Page_CURA Healthcare Service/i_CURA Healthcare_fa fa-bars")): Object: 'Object Repository/Page_CURA Healthcare Service/i_CURA Healthcare_fa fa-bars' is clicked on

02-07-2024T21:36:33 - [MESSAGE][PASSED] - Object: 'Object Repository/Page_CURA Healthcare Service/i_CURA Healthcare_fa fa-bars' is clicked on

02-07-2024T21:36:33 - [TEST_STEP][PASSED] - click(findTestObject("Object Repository/Page_CURA Healthcare Service/a_Login")): Object: 'Object Repository/Page_CURA Healthcare Service/a_Login' is clicked on

02-07-2024T21:36:34 - [MESSAGE][PASSED] - Object: 'Object Repository/Page_CURA Healthcare Service/a_Login' is clicked on

02-07-2024T21:36:34 - [TEST_STEP][PASSED] - setText(findTestObject("Object Repository/Page_CURA Healthcare Service/input_Username_username"), "John Doe"): Text 'John Doe' is set on object 'Object Repository/Page_CURA Healthcare Service/input_Username_username'

02-07-2024T21:36:35 - [MESSAGE][PASSED] - Text 'John Doe' is set on object 'Object Repository/Page_CURA Healthcare Service/input_Username_username'

02-07-2024T21:36:35 - [TEST_STEP][PASSED] - setEncryptedText(findTestObject("Object Repository/Page_CURA Healthcare Service/input_Password_password"), "g3/DOGG74jC3Flrr3yH+3D/yKbOqqUNM"): Text ****** has been set on object 'Object Repository/Page_CURA Healthcare Service/input_Password_password'

02-07-2024T21:36:35 - [MESSAGE][PASSED] - Text ****** has been set on object 'Object Repository/Page_CURA Healthcare Service/input_Password_password'

02-07-2024T21:36:35 - [TEST_STEP][PASSED] - click(findTestObject("Object Repository/Page_CURA Healthcare Service/button_Login")): Object: 'Object Repository/Page_CURA Healthcare Service/button_Login' is clicked on

02-07-2024T21:36:36 - [MESSAGE][PASSED] - Object: 'Object Repository/Page_CURA Healthcare Service/button_Login' is clicked on

02-07-2024T21:36:36 - [TEST_STEP][PASSED] - selectOptionByValue(findTestObject("Object Repository/Page_CURA Healthcare Service/select_Tokyo CURA Healthcare Center        _5b4107"), "Hongkong CURA Healthcare Center", true): All options with value 'Hongkong CURA Healthcare Center' are selected in object 'Object Repository/Page_CURA Healthcare Service/select_Tokyo CURA Healthcare Center        _5b4107'  using regular expression

02-07-2024T21:36:37 - [MESSAGE][PASSED] - All options with value 'Hongkong CURA Healthcare Center' are selected in object 'Object Repository/Page_CURA Healthcare Service/select_Tokyo CURA Healthcare Center        _5b4107'  using regular expression

02-07-2024T21:36:37 - [TEST_STEP][PASSED] - click(findTestObject("Object Repository/Page_CURA Healthcare Service/label_Apply for hospital readmission")): Object: 'Object Repository/Page_CURA Healthcare Service/label_Apply for hospital readmission' is clicked on

02-07-2024T21:36:37 - [MESSAGE][PASSED] - Object: 'Object Repository/Page_CURA Healthcare Service/label_Apply for hospital readmission' is clicked on

02-07-2024T21:36:37 - [TEST_STEP][PASSED] - click(findTestObject("Object Repository/Page_CURA Healthcare Service/input_Apply for hospital readmission_hospit_63901f")): Object: 'Object Repository/Page_CURA Healthcare Service/input_Apply for hospital readmission_hospit_63901f' is clicked on

02-07-2024T21:36:37 - [MESSAGE][PASSED] - Object: 'Object Repository/Page_CURA Healthcare Service/input_Apply for hospital readmission_hospit_63901f' is clicked on

02-07-2024T21:36:37 - [TEST_STEP][PASSED] - click(findTestObject("Object Repository/Page_CURA Healthcare Service/input_Medicaid_programs")): Object: 'Object Repository/Page_CURA Healthcare Service/input_Medicaid_programs' is clicked on

02-07-2024T21:36:38 - [MESSAGE][PASSED] - Object: 'Object Repository/Page_CURA Healthcare Service/input_Medicaid_programs' is clicked on

02-07-2024T21:36:38 - [TEST_STEP][PASSED] - setText(findTestObject("Object Repository/Page_CURA Healthcare Service/input_Visit Date (Required)_visit_date"), "10/7/2024"): Text '10/7/2024' is set on object 'Object Repository/Page_CURA Healthcare Service/input_Visit Date (Required)_visit_date'

02-07-2024T21:36:38 - [MESSAGE][PASSED] - Text '10/7/2024' is set on object 'Object Repository/Page_CURA Healthcare Service/input_Visit Date (Required)_visit_date'

02-07-2024T21:36:38 - [TEST_STEP][PASSED] - click(findTestObject("Object Repository/Page_CURA Healthcare Service/button_Book Appointment")): Object: 'Object Repository/Page_CURA Healthcare Service/button_Book Appointment' is clicked on

02-07-2024T21:36:39 - [MESSAGE][PASSED] - Object: 'Object Repository/Page_CURA Healthcare Service/button_Book Appointment' is clicked on

02-07-2024T21:36:39 - [TEST_STEP][PASSED] - navigateToUrl("https://katalon-demo-cura.herokuapp.com/appointment.php#summary"): Navigate to 'https://katalon-demo-cura.herokuapp.com/appointment.php#summary' successfully

02-07-2024T21:36:39 - [MESSAGE][PASSED] - Navigate to 'https://katalon-demo-cura.herokuapp.com/appointment.php#summary' successfully

02-07-2024T21:36:39 - [TEST_STEP][PASSED] - click(findTestObject("Object Repository/Page_CURA Healthcare Service/a_CURA Healthcare_menu-toggle")): Object: 'Object Repository/Page_CURA Healthcare Service/a_CURA Healthcare_menu-toggle' is clicked on

02-07-2024T21:36:39 - [MESSAGE][PASSED] - Object: 'Object Repository/Page_CURA Healthcare Service/a_CURA Healthcare_menu-toggle' is clicked on

02-07-2024T21:36:39 - [TEST_STEP][PASSED] - click(findTestObject("Object Repository/Page_CURA Healthcare Service/a_History")): Object: 'Object Repository/Page_CURA Healthcare Service/a_History' is clicked on

02-07-2024T21:36:40 - [MESSAGE][PASSED] - Object: 'Object Repository/Page_CURA Healthcare Service/a_History' is clicked on

02-07-2024T21:36:40 - [TEST_STEP][PASSED] - click(findTestObject("Object Repository/Page_CURA Healthcare Service/h2_History")): Object: 'Object Repository/Page_CURA Healthcare Service/h2_History' is clicked on

02-07-2024T21:36:40 - [MESSAGE][PASSED] - Object: 'Object Repository/Page_CURA Healthcare Service/h2_History' is clicked on

02-07-2024T21:36:40 - [TEST_STEP][PASSED] - click(findTestObject("Object Repository/Page_CURA Healthcare Service/h2_History")): Object: 'Object Repository/Page_CURA Healthcare Service/h2_History' is clicked on

02-07-2024T21:36:41 - [MESSAGE][PASSED] - Object: 'Object Repository/Page_CURA Healthcare Service/h2_History' is clicked on

02-07-2024T21:36:41 - [TEST_STEP][PASSED] - doubleClick(findTestObject("Object Repository/Page_CURA Healthcare Service/div_10072024")): Object: 'Object Repository/Page_CURA Healthcare Service/div_10072024' is double clicked on

02-07-2024T21:36:41 - [MESSAGE][PASSED] - Object: 'Object Repository/Page_CURA Healthcare Service/div_10072024' is double clicked on

02-07-2024T21:36:41 - [TEST_STEP][PASSED] - click(findTestObject("Object Repository/Page_CURA Healthcare Service/div_10072024")): Object: 'Object Repository/Page_CURA Healthcare Service/div_10072024' is clicked on

02-07-2024T21:36:41 - [MESSAGE][PASSED] - Object: 'Object Repository/Page_CURA Healthcare Service/div_10072024' is clicked on

02-07-2024T21:36:41 - [TEST_STEP][PASSED] - doubleClick(findTestObject("Object Repository/Page_CURA Healthcare Service/label_Facility")): Object: 'Object Repository/Page_CURA Healthcare Service/label_Facility' is double clicked on

02-07-2024T21:36:42 - [MESSAGE][PASSED] - Object: 'Object Repository/Page_CURA Healthcare Service/label_Facility' is double clicked on

02-07-2024T21:36:42 - [TEST_STEP][PASSED] - doubleClick(findTestObject("Object Repository/Page_CURA Healthcare Service/p_Hongkong CURA Healthcare Center")): Object: 'Object Repository/Page_CURA Healthcare Service/p_Hongkong CURA Healthcare Center' is double clicked on

02-07-2024T21:36:42 - [MESSAGE][PASSED] - Object: 'Object Repository/Page_CURA Healthcare Service/p_Hongkong CURA Healthcare Center' is double clicked on

02-07-2024T21:36:42 - [TEST_STEP][PASSED] - click(findTestObject("Object Repository/Page_CURA Healthcare Service/p_Hongkong CURA Healthcare Center")): Object: 'Object Repository/Page_CURA Healthcare Service/p_Hongkong CURA Healthcare Center' is clicked on

02-07-2024T21:36:42 - [MESSAGE][PASSED] - Object: 'Object Repository/Page_CURA Healthcare Service/p_Hongkong CURA Healthcare Center' is clicked on

02-07-2024T21:36:42 - [TEST_STEP][PASSED] - click(findTestObject("Object Repository/Page_CURA Healthcare Service/label_Apply for hospital readmission_1")): Object: 'Object Repository/Page_CURA Healthcare Service/label_Apply for hospital readmission_1' is clicked on

02-07-2024T21:36:43 - [MESSAGE][PASSED] - Object: 'Object Repository/Page_CURA Healthcare Service/label_Apply for hospital readmission_1' is clicked on

02-07-2024T21:36:43 - [TEST_STEP][PASSED] - doubleClick(findTestObject("Object Repository/Page_CURA Healthcare Service/p_No")): Object: 'Object Repository/Page_CURA Healthcare Service/p_No' is double clicked on

02-07-2024T21:36:43 - [MESSAGE][PASSED] - Object: 'Object Repository/Page_CURA Healthcare Service/p_No' is double clicked on

02-07-2024T21:36:43 - [TEST_STEP][PASSED] - doubleClick(findTestObject("Object Repository/Page_CURA Healthcare Service/label_Apply for hospital readmission_1")): Object: 'Object Repository/Page_CURA Healthcare Service/label_Apply for hospital readmission_1' is double clicked on

02-07-2024T21:36:43 - [MESSAGE][PASSED] - Object: 'Object Repository/Page_CURA Healthcare Service/label_Apply for hospital readmission_1' is double clicked on

02-07-2024T21:36:43 - [TEST_STEP][PASSED] - doubleClick(findTestObject("Object Repository/Page_CURA Healthcare Service/label_Apply for hospital readmission_1")): Object: 'Object Repository/Page_CURA Healthcare Service/label_Apply for hospital readmission_1' is double clicked on

02-07-2024T21:36:44 - [MESSAGE][PASSED] - Object: 'Object Repository/Page_CURA Healthcare Service/label_Apply for hospital readmission_1' is double clicked on

02-07-2024T21:36:44 - [TEST_STEP][PASSED] - doubleClick(findTestObject("Object Repository/Page_CURA Healthcare Service/label_Healthcare Program")): Object: 'Object Repository/Page_CURA Healthcare Service/label_Healthcare Program' is double clicked on

02-07-2024T21:36:44 - [MESSAGE][PASSED] - Object: 'Object Repository/Page_CURA Healthcare Service/label_Healthcare Program' is double clicked on

02-07-2024T21:36:44 - [TEST_STEP][PASSED] - click(findTestObject("Object Repository/Page_CURA Healthcare Service/label_Healthcare Program")): Object: 'Object Repository/Page_CURA Healthcare Service/label_Healthcare Program' is clicked on

02-07-2024T21:36:44 - [MESSAGE][PASSED] - Object: 'Object Repository/Page_CURA Healthcare Service/label_Healthcare Program' is clicked on

02-07-2024T21:36:44 - [TEST_STEP][PASSED] - doubleClick(findTestObject("Object Repository/Page_CURA Healthcare Service/p_Medicaid")): Object: 'Object Repository/Page_CURA Healthcare Service/p_Medicaid' is double clicked on

02-07-2024T21:36:45 - [MESSAGE][PASSED] - Object: 'Object Repository/Page_CURA Healthcare Service/p_Medicaid' is double clicked on

02-07-2024T21:36:45 - [TEST_STEP][PASSED] - click(findTestObject("Object Repository/Page_CURA Healthcare Service/p_Medicaid")): Object: 'Object Repository/Page_CURA Healthcare Service/p_Medicaid' is clicked on

02-07-2024T21:36:45 - [MESSAGE][PASSED] - Object: 'Object Repository/Page_CURA Healthcare Service/p_Medicaid' is clicked on

02-07-2024T21:36:45 - [TEST_STEP][PASSED] - doubleClick(findTestObject("Object Repository/Page_CURA Healthcare Service/label_Comment")): Object: 'Object Repository/Page_CURA Healthcare Service/label_Comment' is double clicked on

02-07-2024T21:36:45 - [MESSAGE][PASSED] - Object: 'Object Repository/Page_CURA Healthcare Service/label_Comment' is double clicked on

02-07-2024T21:36:45 - [TEST_STEP][PASSED] - click(findTestObject("Object Repository/Page_CURA Healthcare Service/a_Go to Homepage")): Object: 'Object Repository/Page_CURA Healthcare Service/a_Go to Homepage' is clicked on

02-07-2024T21:36:46 - [MESSAGE][PASSED] - Object: 'Object Repository/Page_CURA Healthcare Service/a_Go to Homepage' is clicked on

02-07-2024T21:36:46 - [TEST_STEP][PASSED] - click(findTestObject("Object Repository/Page_CURA Healthcare Service/a_CURA Healthcare_menu-toggle")): Object: 'Object Repository/Page_CURA Healthcare Service/a_CURA Healthcare_menu-toggle' is clicked on

02-07-2024T21:36:46 - [MESSAGE][PASSED] - Object: 'Object Repository/Page_CURA Healthcare Service/a_CURA Healthcare_menu-toggle' is clicked on

02-07-2024T21:36:46 - [TEST_STEP][PASSED] - click(findTestObject("Object Repository/Page_CURA Healthcare Service/a_Profile")): Object: 'Object Repository/Page_CURA Healthcare Service/a_Profile' is clicked on

02-07-2024T21:36:47 - [MESSAGE][PASSED] - Object: 'Object Repository/Page_CURA Healthcare Service/a_Profile' is clicked on

02-07-2024T21:36:47 - [TEST_STEP][PASSED] - click(findTestObject("Object Repository/Page_CURA Healthcare Service/i_CURA Healthcare_fa fa-bars")): Object: 'Object Repository/Page_CURA Healthcare Service/i_CURA Healthcare_fa fa-bars' is clicked on

02-07-2024T21:36:47 - [MESSAGE][PASSED] - Object: 'Object Repository/Page_CURA Healthcare Service/i_CURA Healthcare_fa fa-bars' is clicked on

02-07-2024T21:36:47 - [TEST_STEP][PASSED] - click(findTestObject("Object Repository/Page_CURA Healthcare Service/a_Logout")): Object: 'Object Repository/Page_CURA Healthcare Service/a_Logout' is clicked on

02-07-2024T21:36:48 - [MESSAGE][PASSED] - Object: 'Object Repository/Page_CURA Healthcare Service/a_Logout' is clicked on

02-07-2024T21:36:48 - [TEST_STEP][PASSED] - closeBrowser(): Browser is closed

02-07-2024T21:36:48 - [MESSAGE][PASSED] - Browser is closed]]></system-out>
         <system-err><![CDATA[]]></system-err>
      </testcase>
      <system-out><![CDATA[02-07-2024T21:35:14 - [TEST_SUITE][PASSED] - 1_web_katalon_demo_web_view: Test Cases/WEB/t6_view_history_logged_in]]></system-out>
      <system-err><![CDATA[]]></system-err>
   </testsuite>
</testsuites>
