<?xml version="1.0" encoding="UTF-8"?>
<testsuites name="1_web_katalon_demo_web_view" time="29.076" tests="4" failures="0" errors="0">
   <testsuite name="1_web_katalon_demo_web_view" tests="4" failures="0" errors="0" time="29.076" skipped="0" timestamp="02-07-2024T20:58:55" hostname="qHien - DESKTOP-U2IHECD" id="Test Suites/1_web_katalon_demo_web_view">
      <properties>
         <property name="deviceName" value=""/>
         <property name="devicePlatform"/>
         <property name="logFolder" value="C:\\Users\\qHien\\git\\katalon-poc\\Reports\\20240702_205849\\1_web_katalon_demo_web_view\\20240702_205849"/>
         <property name="logFiles" value="C:\\Users\\qHien\\git\\katalon-poc\\Reports\\20240702_205849\\1_web_katalon_demo_web_view\\20240702_205849\\execution0.log"/>
         <property name="attachments" value=""/>
         <property name="hostName" value="qHien - DESKTOP-U2IHECD"/>
         <property name="os" value="Windows 10 64bit"/>
         <property name="katalonVersion" value="9.6.0.217"/>
         <property name="browser" value="Chrome 126.0.0.0"/>
         <property name="hostAddress" value="192.168.0.172"/>
         <property name="sessionId" value="65571bed96ef6af16a1c21e5f8f8ebf6"/>
         <property name="seleniumVersion" value="3.141.59"/>
         <property name="proxyInformation" value="ProxyInformation { proxyOption=NO_PROXY, proxyServerType=HTTP, username=, password=********, proxyServerAddress=, proxyServerPort=0, executionList=&quot;&quot;, isApplyToDesiredCapabilities=true }"/>
         <property name="platform" value="Windows 10"/>
      </properties>
      <testcase name="Test Cases/WEB/T1_LoadPage" time="4.723" classname="Test Cases/WEB/T1_LoadPage" status="PASSED">
         <system-out><![CDATA[02-07-2024T20:58:55 - [TEST_CASE][PASSED] - Test Cases/WEB/T1_LoadPage: Test Cases/WEB/T1_LoadPage

02-07-2024T20:58:55 - [TEST_STEP][PASSED] - openBrowser(""): Browser is opened with url: ''

02-07-2024T20:58:56 - [MESSAGE][INFO] - Starting 'Chrome' driver

02-07-2024T20:58:56 - [MESSAGE][INFO] - Action delay is set to 0 milliseconds

02-07-2024T20:58:57 - [MESSAGE][PASSED] - Browser is opened with url: ''

02-07-2024T20:58:57 - [TEST_STEP][PASSED] - navigateToUrl("https://katalon-demo-cura.herokuapp.com/"): Navigate to 'https://katalon-demo-cura.herokuapp.com/' successfully

02-07-2024T20:58:59 - [MESSAGE][PASSED] - Navigate to 'https://katalon-demo-cura.herokuapp.com/' successfully

02-07-2024T20:58:59 - [TEST_STEP][PASSED] - click(findTestObject("Object Repository/Page_CURA Healthcare Service/h1_CURA Healthcare Service")): Object: 'Object Repository/Page_CURA Healthcare Service/h1_CURA Healthcare Service' is clicked on

02-07-2024T20:59:00 - [MESSAGE][PASSED] - Object: 'Object Repository/Page_CURA Healthcare Service/h1_CURA Healthcare Service' is clicked on

02-07-2024T20:59:00 - [TEST_STEP][PASSED] - closeBrowser(STOP_ON_FAILURE): Browser is closed

02-07-2024T20:59:00 - [MESSAGE][PASSED] - Browser is closed]]></system-out>
         <system-err><![CDATA[]]></system-err>
      </testcase>
      <testcase name="Test Cases/WEB/T2_on_homePage_scroll" time="6.142" classname="Test Cases/WEB/T2_on_homePage_scroll" status="PASSED">
         <system-out><![CDATA[02-07-2024T20:59:00 - [TEST_CASE][PASSED] - Test Cases/WEB/T2_on_homePage_scroll: Test Cases/WEB/T2_on_homePage_scroll

02-07-2024T20:59:00 - [TEST_STEP][PASSED] - openBrowser(""): Browser is opened with url: ''

02-07-2024T20:59:00 - [MESSAGE][INFO] - Starting 'Chrome' driver

02-07-2024T20:59:00 - [MESSAGE][INFO] - Action delay is set to 0 milliseconds

02-07-2024T20:59:01 - [MESSAGE][PASSED] - Browser is opened with url: ''

02-07-2024T20:59:01 - [TEST_STEP][PASSED] - navigateToUrl("https://katalon-demo-cura.herokuapp.com/"): Navigate to 'https://katalon-demo-cura.herokuapp.com/' successfully

02-07-2024T20:59:04 - [MESSAGE][PASSED] - Navigate to 'https://katalon-demo-cura.herokuapp.com/' successfully

02-07-2024T20:59:04 - [TEST_STEP][PASSED] - click(findTestObject("Object Repository/Page_CURA Healthcare Service/div_CURA Healthcare Service        We Care _b17f12")): Object: 'Object Repository/Page_CURA Healthcare Service/div_CURA Healthcare Service        We Care _b17f12' is clicked on

02-07-2024T20:59:04 - [MESSAGE][PASSED] - Object: 'Object Repository/Page_CURA Healthcare Service/div_CURA Healthcare Service        We Care _b17f12' is clicked on

02-07-2024T20:59:04 - [TEST_STEP][PASSED] - click(findTestObject("Object Repository/Page_CURA Healthcare Service/i_CURA Healthcare_fa fa-bars")): Object: 'Object Repository/Page_CURA Healthcare Service/i_CURA Healthcare_fa fa-bars' is clicked on

02-07-2024T20:59:04 - [MESSAGE][PASSED] - Object: 'Object Repository/Page_CURA Healthcare Service/i_CURA Healthcare_fa fa-bars' is clicked on

02-07-2024T20:59:04 - [TEST_STEP][PASSED] - click(findTestObject("Object Repository/Page_CURA Healthcare Service/a_Home")): Object: 'Object Repository/Page_CURA Healthcare Service/a_Home' is clicked on

02-07-2024T20:59:05 - [MESSAGE][PASSED] - Object: 'Object Repository/Page_CURA Healthcare Service/a_Home' is clicked on

02-07-2024T20:59:05 - [TEST_STEP][PASSED] - click(findTestObject("Object Repository/Page_CURA Healthcare Service/i_CURA Healthcare_fa fa-bars")): Object: 'Object Repository/Page_CURA Healthcare Service/i_CURA Healthcare_fa fa-bars' is clicked on

02-07-2024T20:59:05 - [MESSAGE][PASSED] - Object: 'Object Repository/Page_CURA Healthcare Service/i_CURA Healthcare_fa fa-bars' is clicked on

02-07-2024T20:59:05 - [TEST_STEP][PASSED] - click(findTestObject("Object Repository/Page_CURA Healthcare Service/h1_CURA Healthcare Service")): Object: 'Object Repository/Page_CURA Healthcare Service/h1_CURA Healthcare Service' is clicked on

02-07-2024T20:59:05 - [MESSAGE][PASSED] - Object: 'Object Repository/Page_CURA Healthcare Service/h1_CURA Healthcare Service' is clicked on

02-07-2024T20:59:05 - [TEST_STEP][PASSED] - click(findTestObject("Object Repository/Page_CURA Healthcare Service/h3_We Care About Your Health")): Object: 'Object Repository/Page_CURA Healthcare Service/h3_We Care About Your Health' is clicked on

02-07-2024T20:59:05 - [MESSAGE][PASSED] - Object: 'Object Repository/Page_CURA Healthcare Service/h3_We Care About Your Health' is clicked on

02-07-2024T20:59:05 - [TEST_STEP][PASSED] - click(findTestObject("Object Repository/Page_CURA Healthcare Service/p_Copyright  CURA Healthcare Service 2024")): Object: 'Object Repository/Page_CURA Healthcare Service/p_Copyright  CURA Healthcare Service 2024' is clicked on

02-07-2024T20:59:06 - [MESSAGE][PASSED] - Object: 'Object Repository/Page_CURA Healthcare Service/p_Copyright  CURA Healthcare Service 2024' is clicked on

02-07-2024T20:59:06 - [TEST_STEP][PASSED] - click(findTestObject("Object Repository/Page_CURA Healthcare Service/i_CURA Healthcare_fa fa-bars")): Object: 'Object Repository/Page_CURA Healthcare Service/i_CURA Healthcare_fa fa-bars' is clicked on

02-07-2024T20:59:06 - [MESSAGE][PASSED] - Object: 'Object Repository/Page_CURA Healthcare Service/i_CURA Healthcare_fa fa-bars' is clicked on

02-07-2024T20:59:06 - [TEST_STEP][PASSED] - closeBrowser(): Browser is closed

02-07-2024T20:59:06 - [MESSAGE][PASSED] - Browser is closed]]></system-out>
         <system-err><![CDATA[]]></system-err>
      </testcase>
      <testcase name="Test Cases/WEB/t3_click_homepage_button_and_login" time="5.812" classname="Test Cases/WEB/t3_click_homepage_button_and_login" status="PASSED">
         <system-out><![CDATA[02-07-2024T20:59:06 - [TEST_CASE][PASSED] - Test Cases/WEB/t3_click_homepage_button_and_login: Test Cases/WEB/t3_click_homepage_button_and_login

02-07-2024T20:59:06 - [TEST_STEP][PASSED] - openBrowser(""): Browser is opened with url: ''

02-07-2024T20:59:06 - [MESSAGE][INFO] - Starting 'Chrome' driver

02-07-2024T20:59:06 - [MESSAGE][INFO] - Action delay is set to 0 milliseconds

02-07-2024T20:59:07 - [MESSAGE][PASSED] - Browser is opened with url: ''

02-07-2024T20:59:07 - [TEST_STEP][PASSED] - navigateToUrl("https://katalon-demo-cura.herokuapp.com/"): Navigate to 'https://katalon-demo-cura.herokuapp.com/' successfully

02-07-2024T20:59:09 - [MESSAGE][PASSED] - Navigate to 'https://katalon-demo-cura.herokuapp.com/' successfully

02-07-2024T20:59:09 - [TEST_STEP][PASSED] - click(findTestObject("Object Repository/Page_CURA Healthcare Service/a_Make Appointment")): Object: 'Object Repository/Page_CURA Healthcare Service/a_Make Appointment' is clicked on

02-07-2024T20:59:10 - [MESSAGE][PASSED] - Object: 'Object Repository/Page_CURA Healthcare Service/a_Make Appointment' is clicked on

02-07-2024T20:59:10 - [TEST_STEP][PASSED] - setText(findTestObject("Object Repository/Page_CURA Healthcare Service/input_Username_username"), "John Doe"): Text 'John Doe' is set on object 'Object Repository/Page_CURA Healthcare Service/input_Username_username'

02-07-2024T20:59:11 - [MESSAGE][PASSED] - Text 'John Doe' is set on object 'Object Repository/Page_CURA Healthcare Service/input_Username_username'

02-07-2024T20:59:11 - [TEST_STEP][PASSED] - setEncryptedText(findTestObject("Object Repository/Page_CURA Healthcare Service/input_Password_password"), "g3/DOGG74jC3Flrr3yH+3D/yKbOqqUNM"): Text ****** has been set on object 'Object Repository/Page_CURA Healthcare Service/input_Password_password'

02-07-2024T20:59:11 - [MESSAGE][PASSED] - Text ****** has been set on object 'Object Repository/Page_CURA Healthcare Service/input_Password_password'

02-07-2024T20:59:11 - [TEST_STEP][PASSED] - click(findTestObject("Object Repository/Page_CURA Healthcare Service/button_Login")): Object: 'Object Repository/Page_CURA Healthcare Service/button_Login' is clicked on

02-07-2024T20:59:12 - [MESSAGE][PASSED] - Object: 'Object Repository/Page_CURA Healthcare Service/button_Login' is clicked on]]></system-out>
         <system-err><![CDATA[]]></system-err>
      </testcase>
      <testcase name="Test Cases/WEB/t4_make_an_appointment" time="12.274" classname="Test Cases/WEB/t4_make_an_appointment" status="PASSED">
         <system-out><![CDATA[02-07-2024T20:59:12 - [TEST_CASE][PASSED] - Test Cases/WEB/t4_make_an_appointment: Test Cases/WEB/t4_make_an_appointment

02-07-2024T20:59:12 - [TEST_STEP][PASSED] - openBrowser(""): Browser is opened with url: ''

02-07-2024T20:59:12 - [MESSAGE][WARNING] - A browser is already opened. Closing browser and opening a new one

02-07-2024T20:59:12 - [MESSAGE][INFO] - Starting 'Chrome' driver

02-07-2024T20:59:12 - [MESSAGE][INFO] - Action delay is set to 0 milliseconds

02-07-2024T20:59:13 - [MESSAGE][PASSED] - Browser is opened with url: ''

02-07-2024T20:59:13 - [TEST_STEP][PASSED] - navigateToUrl("https://katalon-demo-cura.herokuapp.com/"): Navigate to 'https://katalon-demo-cura.herokuapp.com/' successfully

02-07-2024T20:59:15 - [MESSAGE][PASSED] - Navigate to 'https://katalon-demo-cura.herokuapp.com/' successfully

02-07-2024T20:59:15 - [TEST_STEP][PASSED] - click(findTestObject("Object Repository/Page_CURA Healthcare Service/a_Make Appointment")): Object: 'Object Repository/Page_CURA Healthcare Service/a_Make Appointment' is clicked on

02-07-2024T20:59:16 - [MESSAGE][PASSED] - Object: 'Object Repository/Page_CURA Healthcare Service/a_Make Appointment' is clicked on

02-07-2024T20:59:16 - [TEST_STEP][PASSED] - setText(findTestObject("Object Repository/Page_CURA Healthcare Service/input_Username_username"), "John Doe"): Text 'John Doe' is set on object 'Object Repository/Page_CURA Healthcare Service/input_Username_username'

02-07-2024T20:59:17 - [MESSAGE][PASSED] - Text 'John Doe' is set on object 'Object Repository/Page_CURA Healthcare Service/input_Username_username'

02-07-2024T20:59:17 - [TEST_STEP][PASSED] - setEncryptedText(findTestObject("Object Repository/Page_CURA Healthcare Service/input_Password_password"), "g3/DOGG74jC3Flrr3yH+3D/yKbOqqUNM"): Text ****** has been set on object 'Object Repository/Page_CURA Healthcare Service/input_Password_password'

02-07-2024T20:59:17 - [MESSAGE][PASSED] - Text ****** has been set on object 'Object Repository/Page_CURA Healthcare Service/input_Password_password'

02-07-2024T20:59:17 - [TEST_STEP][PASSED] - click(findTestObject("Object Repository/Page_CURA Healthcare Service/button_Login")): Object: 'Object Repository/Page_CURA Healthcare Service/button_Login' is clicked on

02-07-2024T20:59:18 - [MESSAGE][PASSED] - Object: 'Object Repository/Page_CURA Healthcare Service/button_Login' is clicked on

02-07-2024T20:59:18 - [TEST_STEP][PASSED] - selectOptionByValue(findTestObject("Object Repository/Page_CURA Healthcare Service/select_Tokyo CURA Healthcare Center        _5b4107"), "Hongkong CURA Healthcare Center", true): All options with value 'Hongkong CURA Healthcare Center' are selected in object 'Object Repository/Page_CURA Healthcare Service/select_Tokyo CURA Healthcare Center        _5b4107'  using regular expression

02-07-2024T20:59:19 - [MESSAGE][PASSED] - All options with value 'Hongkong CURA Healthcare Center' are selected in object 'Object Repository/Page_CURA Healthcare Service/select_Tokyo CURA Healthcare Center        _5b4107'  using regular expression

02-07-2024T20:59:19 - [TEST_STEP][PASSED] - click(findTestObject("Object Repository/Page_CURA Healthcare Service/input_Apply for hospital readmission_hospit_63901f")): Object: 'Object Repository/Page_CURA Healthcare Service/input_Apply for hospital readmission_hospit_63901f' is clicked on

02-07-2024T20:59:19 - [MESSAGE][PASSED] - Object: 'Object Repository/Page_CURA Healthcare Service/input_Apply for hospital readmission_hospit_63901f' is clicked on

02-07-2024T20:59:19 - [TEST_STEP][PASSED] - click(findTestObject("Object Repository/Page_CURA Healthcare Service/input_Visit Date (Required)_visit_date")): Object: 'Object Repository/Page_CURA Healthcare Service/input_Visit Date (Required)_visit_date' is clicked on

02-07-2024T20:59:19 - [MESSAGE][PASSED] - Object: 'Object Repository/Page_CURA Healthcare Service/input_Visit Date (Required)_visit_date' is clicked on

02-07-2024T20:59:19 - [TEST_STEP][PASSED] - click(findTestObject("Object Repository/Page_CURA Healthcare Service/td_10")): Object: 'Object Repository/Page_CURA Healthcare Service/td_10' is clicked on

02-07-2024T20:59:20 - [MESSAGE][PASSED] - Object: 'Object Repository/Page_CURA Healthcare Service/td_10' is clicked on

02-07-2024T20:59:20 - [TEST_STEP][PASSED] - click(findTestObject("Object Repository/Page_CURA Healthcare Service/button_Book Appointment")): Object: 'Object Repository/Page_CURA Healthcare Service/button_Book Appointment' is clicked on

02-07-2024T20:59:21 - [MESSAGE][PASSED] - Object: 'Object Repository/Page_CURA Healthcare Service/button_Book Appointment' is clicked on

02-07-2024T20:59:21 - [TEST_STEP][PASSED] - click(findTestObject("Object Repository/Page_CURA Healthcare Service/h2_Appointment Confirmation")): Object: 'Object Repository/Page_CURA Healthcare Service/h2_Appointment Confirmation' is clicked on

02-07-2024T20:59:21 - [MESSAGE][PASSED] - Object: 'Object Repository/Page_CURA Healthcare Service/h2_Appointment Confirmation' is clicked on

02-07-2024T20:59:21 - [TEST_STEP][PASSED] - click(findTestObject("Object Repository/Page_CURA Healthcare Service/p_Hongkong CURA Healthcare Center")): Object: 'Object Repository/Page_CURA Healthcare Service/p_Hongkong CURA Healthcare Center' is clicked on

02-07-2024T20:59:21 - [MESSAGE][PASSED] - Object: 'Object Repository/Page_CURA Healthcare Service/p_Hongkong CURA Healthcare Center' is clicked on

02-07-2024T20:59:21 - [TEST_STEP][PASSED] - click(findTestObject("Object Repository/Page_CURA Healthcare Service/p_Yes")): Object: 'Object Repository/Page_CURA Healthcare Service/p_Yes' is clicked on

02-07-2024T20:59:22 - [MESSAGE][PASSED] - Object: 'Object Repository/Page_CURA Healthcare Service/p_Yes' is clicked on

02-07-2024T20:59:22 - [TEST_STEP][PASSED] - click(findTestObject("Object Repository/Page_CURA Healthcare Service/p_Medicare")): Object: 'Object Repository/Page_CURA Healthcare Service/p_Medicare' is clicked on

02-07-2024T20:59:22 - [MESSAGE][PASSED] - Object: 'Object Repository/Page_CURA Healthcare Service/p_Medicare' is clicked on

02-07-2024T20:59:22 - [TEST_STEP][PASSED] - click(findTestObject("Object Repository/Page_CURA Healthcare Service/p_10072024")): Object: 'Object Repository/Page_CURA Healthcare Service/p_10072024' is clicked on

02-07-2024T20:59:22 - [MESSAGE][PASSED] - Object: 'Object Repository/Page_CURA Healthcare Service/p_10072024' is clicked on

02-07-2024T20:59:22 - [TEST_STEP][PASSED] - click(findTestObject("Object Repository/Page_CURA Healthcare Service/label_Comment")): Object: 'Object Repository/Page_CURA Healthcare Service/label_Comment' is clicked on

02-07-2024T20:59:22 - [MESSAGE][PASSED] - Object: 'Object Repository/Page_CURA Healthcare Service/label_Comment' is clicked on

02-07-2024T20:59:22 - [TEST_STEP][PASSED] - click(findTestObject("Object Repository/Page_CURA Healthcare Service/label_Visit Date")): Object: 'Object Repository/Page_CURA Healthcare Service/label_Visit Date' is clicked on

02-07-2024T20:59:23 - [MESSAGE][PASSED] - Object: 'Object Repository/Page_CURA Healthcare Service/label_Visit Date' is clicked on

02-07-2024T20:59:23 - [TEST_STEP][PASSED] - click(findTestObject("Object Repository/Page_CURA Healthcare Service/a_Go to Homepage")): Object: 'Object Repository/Page_CURA Healthcare Service/a_Go to Homepage' is clicked on

02-07-2024T20:59:23 - [MESSAGE][PASSED] - Object: 'Object Repository/Page_CURA Healthcare Service/a_Go to Homepage' is clicked on

02-07-2024T20:59:23 - [TEST_STEP][PASSED] - click(findTestObject("Object Repository/Page_CURA Healthcare Service/h1_CURA Healthcare Service")): Object: 'Object Repository/Page_CURA Healthcare Service/h1_CURA Healthcare Service' is clicked on

02-07-2024T20:59:23 - [MESSAGE][PASSED] - Object: 'Object Repository/Page_CURA Healthcare Service/h1_CURA Healthcare Service' is clicked on

02-07-2024T20:59:23 - [TEST_STEP][PASSED] - click(findTestObject("Object Repository/Page_CURA Healthcare Service/h3_We Care About Your Health")): Object: 'Object Repository/Page_CURA Healthcare Service/h3_We Care About Your Health' is clicked on

02-07-2024T20:59:24 - [MESSAGE][PASSED] - Object: 'Object Repository/Page_CURA Healthcare Service/h3_We Care About Your Health' is clicked on

02-07-2024T20:59:24 - [TEST_STEP][PASSED] - click(findTestObject("Object Repository/Page_CURA Healthcare Service/p_Copyright  CURA Healthcare Service 2024")): Object: 'Object Repository/Page_CURA Healthcare Service/p_Copyright  CURA Healthcare Service 2024' is clicked on

02-07-2024T20:59:24 - [MESSAGE][PASSED] - Object: 'Object Repository/Page_CURA Healthcare Service/p_Copyright  CURA Healthcare Service 2024' is clicked on

02-07-2024T20:59:24 - [TEST_STEP][PASSED] - closeBrowser(): Browser is closed

02-07-2024T20:59:24 - [MESSAGE][PASSED] - Browser is closed]]></system-out>
         <system-err><![CDATA[]]></system-err>
      </testcase>
      <system-out><![CDATA[02-07-2024T20:58:55 - [TEST_SUITE][PASSED] - 1_web_katalon_demo_web_view: Test Cases/WEB/t4_make_an_appointment]]></system-out>
      <system-err><![CDATA[]]></system-err>
   </testsuite>
</testsuites>
