<?xml version="1.0" encoding="UTF-8"?>
<testsuites name="VisualTesting" time="18.426" tests="2" failures="0" errors="0">
   <testsuite name="VisualTesting" tests="2" failures="0" errors="0" time="18.426" skipped="0" timestamp="02-07-2024T22:09:02" hostname="qHien - DESKTOP-U2IHECD" id="Test Suites/VisualTesting">
      <properties>
         <property name="deviceName" value=""/>
         <property name="devicePlatform"/>
         <property name="logFolder" value="C:\\Users\\qHien\\git\\katalon-poc\\Reports\\20240702_220855\\VisualTesting\\20240702_220856"/>
         <property name="logFiles" value="C:\\Users\\qHien\\git\\katalon-poc\\Reports\\20240702_220855\\VisualTesting\\20240702_220856\\execution0.log"/>
         <property name="attachments" value="keyes\keyes-current_viewport1.png, keyes\keyes-current_viewport2.png, keyes\keyes-current_viewport3.png, keyes\keyes-current_viewport4.png, keyes\keyes-current_viewport5.png, keyes\keyes-current_viewport6.png, keyes\keyes-current_viewport7.png, keyes\keyes-current_viewport8.png, keyes\keyes-current_viewport9.png, keyes\keyes-current_viewport10.png, keyes\keyes-current_viewport11.png, keyes\keyes-current_viewport12.png, keyes\keyes-current_viewport1.png, keyes\keyes-current_viewport2.png, keyes\keyes-current_viewport3.png, keyes\keyes-current_viewport4.png, keyes\keyes-current_viewport5.png, keyes\keyes-current_viewport6.png, keyes\keyes-current_viewport7.png, keyes\keyes-current_viewport8.png, keyes\keyes-current_viewport9.png, keyes\keyes-current_viewport10.png, keyes\keyes-current_viewport11.png, keyes\keyes-current_viewport12.png"/>
         <property name="hostName" value="qHien - DESKTOP-U2IHECD"/>
         <property name="os" value="Windows 10 64bit"/>
         <property name="katalonVersion" value="9.6.0.217"/>
         <property name="browser" value="Chrome 126.0.0.0"/>
         <property name="hostAddress" value="192.168.0.172"/>
         <property name="sessionId" value="49990e16527c5d92021a165bffe20b45"/>
         <property name="seleniumVersion" value="3.141.59"/>
         <property name="proxyInformation" value="ProxyInformation { proxyOption=NO_PROXY, proxyServerType=HTTP, username=, password=********, proxyServerAddress=, proxyServerPort=0, executionList=&quot;&quot;, isApplyToDesiredCapabilities=true }"/>
         <property name="platform" value="Windows 10"/>
      </properties>
      <testcase name="Test Cases/TC66 - Visual" time="9.759" classname="Test Cases/TC66 - Visual" status="PASSED">
         <system-out><![CDATA[02-07-2024T22:09:02 - [TEST_CASE][PASSED] - Test Cases/TC66 - Visual: Test Cases/TC66 - Visual

02-07-2024T22:09:02 - [TEST_STEP][PASSED] - openBrowser(""): Browser is opened with url: ''

02-07-2024T22:09:03 - [MESSAGE][INFO] - Starting 'Chrome' driver

02-07-2024T22:09:03 - [MESSAGE][INFO] - Action delay is set to 0 milliseconds

02-07-2024T22:09:04 - [MESSAGE][PASSED] - Browser is opened with url: ''

02-07-2024T22:09:04 - [TEST_STEP][PASSED] - navigateToUrl("https://katalon-demo-cura.herokuapp.com/"): Navigate to 'https://katalon-demo-cura.herokuapp.com/' successfully

02-07-2024T22:09:07 - [MESSAGE][PASSED] - Navigate to 'https://katalon-demo-cura.herokuapp.com/' successfully

02-07-2024T22:09:07 - [TEST_STEP][PASSED] - takeScreenshotAsCheckpoint("current_viewport1"): Taking screenshot successfully

02-07-2024T22:09:07 - [MESSAGE][INFO] - 0 hidden object(s)

02-07-2024T22:09:07 - [MESSAGE][PASSED] - Taking screenshot successfully
[[ATTACHMENT|keyes\keyes-current_viewport1.png]]

02-07-2024T22:09:07 - [TEST_STEP][PASSED] - takeScreenshotAsCheckpoint("current_viewport2"): Taking screenshot successfully

02-07-2024T22:09:08 - [MESSAGE][INFO] - 0 hidden object(s)

02-07-2024T22:09:08 - [MESSAGE][PASSED] - Taking screenshot successfully
[[ATTACHMENT|keyes\keyes-current_viewport2.png]]

02-07-2024T22:09:08 - [TEST_STEP][PASSED] - takeScreenshotAsCheckpoint("current_viewport3"): Taking screenshot successfully

02-07-2024T22:09:08 - [MESSAGE][INFO] - 0 hidden object(s)

02-07-2024T22:09:08 - [MESSAGE][PASSED] - Taking screenshot successfully
[[ATTACHMENT|keyes\keyes-current_viewport3.png]]

02-07-2024T22:09:08 - [TEST_STEP][PASSED] - takeScreenshotAsCheckpoint("current_viewport4"): Taking screenshot successfully

02-07-2024T22:09:09 - [MESSAGE][INFO] - 0 hidden object(s)

02-07-2024T22:09:09 - [MESSAGE][PASSED] - Taking screenshot successfully
[[ATTACHMENT|keyes\keyes-current_viewport4.png]]

02-07-2024T22:09:09 - [TEST_STEP][PASSED] - takeScreenshotAsCheckpoint("current_viewport5"): Taking screenshot successfully

02-07-2024T22:09:09 - [MESSAGE][INFO] - 0 hidden object(s)

02-07-2024T22:09:09 - [MESSAGE][PASSED] - Taking screenshot successfully
[[ATTACHMENT|keyes\keyes-current_viewport5.png]]

02-07-2024T22:09:09 - [TEST_STEP][PASSED] - takeScreenshotAsCheckpoint("current_viewport6"): Taking screenshot successfully

02-07-2024T22:09:09 - [MESSAGE][INFO] - 0 hidden object(s)

02-07-2024T22:09:09 - [MESSAGE][PASSED] - Taking screenshot successfully
[[ATTACHMENT|keyes\keyes-current_viewport6.png]]

02-07-2024T22:09:09 - [TEST_STEP][PASSED] - takeScreenshotAsCheckpoint("current_viewport7"): Taking screenshot successfully

02-07-2024T22:09:10 - [MESSAGE][INFO] - 0 hidden object(s)

02-07-2024T22:09:10 - [MESSAGE][PASSED] - Taking screenshot successfully
[[ATTACHMENT|keyes\keyes-current_viewport7.png]]

02-07-2024T22:09:10 - [TEST_STEP][PASSED] - takeScreenshotAsCheckpoint("current_viewport8"): Taking screenshot successfully

02-07-2024T22:09:10 - [MESSAGE][INFO] - 0 hidden object(s)

02-07-2024T22:09:10 - [MESSAGE][PASSED] - Taking screenshot successfully
[[ATTACHMENT|keyes\keyes-current_viewport8.png]]

02-07-2024T22:09:10 - [TEST_STEP][PASSED] - takeScreenshotAsCheckpoint("current_viewport9"): Taking screenshot successfully

02-07-2024T22:09:11 - [MESSAGE][INFO] - 0 hidden object(s)

02-07-2024T22:09:11 - [MESSAGE][PASSED] - Taking screenshot successfully
[[ATTACHMENT|keyes\keyes-current_viewport9.png]]

02-07-2024T22:09:11 - [TEST_STEP][PASSED] - takeScreenshotAsCheckpoint("current_viewport10"): Taking screenshot successfully

02-07-2024T22:09:11 - [MESSAGE][INFO] - 0 hidden object(s)

02-07-2024T22:09:11 - [MESSAGE][PASSED] - Taking screenshot successfully
[[ATTACHMENT|keyes\keyes-current_viewport10.png]]

02-07-2024T22:09:11 - [TEST_STEP][PASSED] - takeScreenshotAsCheckpoint("current_viewport11"): Taking screenshot successfully

02-07-2024T22:09:11 - [MESSAGE][INFO] - 0 hidden object(s)

02-07-2024T22:09:12 - [MESSAGE][PASSED] - Taking screenshot successfully
[[ATTACHMENT|keyes\keyes-current_viewport11.png]]

02-07-2024T22:09:12 - [TEST_STEP][PASSED] - takeScreenshotAsCheckpoint("current_viewport12"): Taking screenshot successfully

02-07-2024T22:09:12 - [MESSAGE][INFO] - 0 hidden object(s)

02-07-2024T22:09:12 - [MESSAGE][PASSED] - Taking screenshot successfully
[[ATTACHMENT|keyes\keyes-current_viewport12.png]]]]></system-out>
         <system-err><![CDATA[]]></system-err>
      </testcase>
      <testcase name="Test Cases/TC67" time="8.555" classname="Test Cases/TC67" status="PASSED">
         <system-out><![CDATA[02-07-2024T22:09:12 - [TEST_CASE][PASSED] - Test Cases/TC67: Test Cases/TC67

02-07-2024T22:09:12 - [TEST_STEP][PASSED] - openBrowser(""): Browser is opened with url: ''

02-07-2024T22:09:12 - [MESSAGE][WARNING] - A browser is already opened. Closing browser and opening a new one

02-07-2024T22:09:12 - [MESSAGE][INFO] - Starting 'Chrome' driver

02-07-2024T22:09:12 - [MESSAGE][INFO] - Action delay is set to 0 milliseconds

02-07-2024T22:09:13 - [MESSAGE][PASSED] - Browser is opened with url: ''

02-07-2024T22:09:13 - [TEST_STEP][PASSED] - navigateToUrl("https://katalon-demo-cura.herokuapp.com/"): Navigate to 'https://katalon-demo-cura.herokuapp.com/' successfully

02-07-2024T22:09:16 - [MESSAGE][PASSED] - Navigate to 'https://katalon-demo-cura.herokuapp.com/' successfully

02-07-2024T22:09:16 - [TEST_STEP][PASSED] - click(findTestObject("Object Repository/Page_CURA Healthcare Service/a_Make Appointment")): Object: 'Object Repository/Page_CURA Healthcare Service/a_Make Appointment' is clicked on

02-07-2024T22:09:16 - [MESSAGE][PASSED] - Object: 'Object Repository/Page_CURA Healthcare Service/a_Make Appointment' is clicked on

02-07-2024T22:09:16 - [TEST_STEP][PASSED] - takeScreenshotAsCheckpoint("current_viewport1"): Taking screenshot successfully

02-07-2024T22:09:17 - [MESSAGE][INFO] - 0 hidden object(s)

02-07-2024T22:09:17 - [MESSAGE][PASSED] - Taking screenshot successfully
[[ATTACHMENT|keyes\keyes-current_viewport1.png]]

02-07-2024T22:09:17 - [TEST_STEP][PASSED] - takeScreenshotAsCheckpoint("current_viewport2"): Taking screenshot successfully

02-07-2024T22:09:17 - [MESSAGE][INFO] - 0 hidden object(s)

02-07-2024T22:09:17 - [MESSAGE][PASSED] - Taking screenshot successfully
[[ATTACHMENT|keyes\keyes-current_viewport2.png]]

02-07-2024T22:09:17 - [TEST_STEP][PASSED] - takeScreenshotAsCheckpoint("current_viewport3"): Taking screenshot successfully

02-07-2024T22:09:18 - [MESSAGE][INFO] - 0 hidden object(s)

02-07-2024T22:09:18 - [MESSAGE][PASSED] - Taking screenshot successfully
[[ATTACHMENT|keyes\keyes-current_viewport3.png]]

02-07-2024T22:09:18 - [TEST_STEP][PASSED] - takeScreenshotAsCheckpoint("current_viewport4"): Taking screenshot successfully

02-07-2024T22:09:18 - [MESSAGE][INFO] - 0 hidden object(s)

02-07-2024T22:09:18 - [MESSAGE][PASSED] - Taking screenshot successfully
[[ATTACHMENT|keyes\keyes-current_viewport4.png]]

02-07-2024T22:09:18 - [TEST_STEP][PASSED] - takeScreenshotAsCheckpoint("current_viewport5"): Taking screenshot successfully

02-07-2024T22:09:18 - [MESSAGE][INFO] - 0 hidden object(s)

02-07-2024T22:09:18 - [MESSAGE][PASSED] - Taking screenshot successfully
[[ATTACHMENT|keyes\keyes-current_viewport5.png]]

02-07-2024T22:09:18 - [TEST_STEP][PASSED] - takeScreenshotAsCheckpoint("current_viewport6"): Taking screenshot successfully

02-07-2024T22:09:18 - [MESSAGE][INFO] - 0 hidden object(s)

02-07-2024T22:09:18 - [MESSAGE][PASSED] - Taking screenshot successfully
[[ATTACHMENT|keyes\keyes-current_viewport6.png]]

02-07-2024T22:09:19 - [TEST_STEP][PASSED] - takeScreenshotAsCheckpoint("current_viewport7"): Taking screenshot successfully

02-07-2024T22:09:19 - [MESSAGE][INFO] - 0 hidden object(s)

02-07-2024T22:09:19 - [MESSAGE][PASSED] - Taking screenshot successfully
[[ATTACHMENT|keyes\keyes-current_viewport7.png]]

02-07-2024T22:09:19 - [TEST_STEP][PASSED] - takeScreenshotAsCheckpoint("current_viewport8"): Taking screenshot successfully

02-07-2024T22:09:19 - [MESSAGE][INFO] - 0 hidden object(s)

02-07-2024T22:09:19 - [MESSAGE][PASSED] - Taking screenshot successfully
[[ATTACHMENT|keyes\keyes-current_viewport8.png]]

02-07-2024T22:09:19 - [TEST_STEP][PASSED] - takeScreenshotAsCheckpoint("current_viewport9"): Taking screenshot successfully

02-07-2024T22:09:19 - [MESSAGE][INFO] - 0 hidden object(s)

02-07-2024T22:09:19 - [MESSAGE][PASSED] - Taking screenshot successfully
[[ATTACHMENT|keyes\keyes-current_viewport9.png]]

02-07-2024T22:09:19 - [TEST_STEP][PASSED] - takeScreenshotAsCheckpoint("current_viewport10"): Taking screenshot successfully

02-07-2024T22:09:20 - [MESSAGE][INFO] - 0 hidden object(s)

02-07-2024T22:09:20 - [MESSAGE][PASSED] - Taking screenshot successfully
[[ATTACHMENT|keyes\keyes-current_viewport10.png]]

02-07-2024T22:09:20 - [TEST_STEP][PASSED] - takeScreenshotAsCheckpoint("current_viewport11"): Taking screenshot successfully

02-07-2024T22:09:20 - [MESSAGE][INFO] - 0 hidden object(s)

02-07-2024T22:09:20 - [MESSAGE][PASSED] - Taking screenshot successfully
[[ATTACHMENT|keyes\keyes-current_viewport11.png]]

02-07-2024T22:09:20 - [TEST_STEP][PASSED] - takeScreenshotAsCheckpoint("current_viewport12"): Taking screenshot successfully

02-07-2024T22:09:20 - [MESSAGE][INFO] - 0 hidden object(s)

02-07-2024T22:09:20 - [MESSAGE][PASSED] - Taking screenshot successfully
[[ATTACHMENT|keyes\keyes-current_viewport12.png]]

02-07-2024T22:09:20 - [TEST_STEP][PASSED] - closeBrowser(): Browser is closed

02-07-2024T22:09:20 - [MESSAGE][PASSED] - Browser is closed]]></system-out>
         <system-err><![CDATA[]]></system-err>
      </testcase>
      <system-out><![CDATA[02-07-2024T22:09:02 - [TEST_SUITE][PASSED] - VisualTesting: Test Cases/TC67]]></system-out>
      <system-err><![CDATA[]]></system-err>
   </testsuite>
</testsuites>
